New log file opened at Mon Oct 17 10:27:56 MDT 2016 by 5068@OIT-ZELLERD-L2
Sending msg to client play-fork-run-496ac84e-8848-4550-a211-3036bbdb80b6: DetachedLogEvent(LogMessage(debug,sbt server socket logs are in: C:\WebDev\git\PlayAuthenticate\.sbtserver\connections\master.log))
Sending msg to client play-fork-run-496ac84e-8848-4550-a211-3036bbdb80b6: DetachedLogEvent(LogMessage(debug,sbt general server logs are in: C:\WebDev\git\PlayAuthenticate\.sbtserver\master.log))
Sending msg to client play-fork-run-496ac84e-8848-4550-a211-3036bbdb80b6: DetachedLogEvent(LogMessage(debug,sbt client logs are in: C:\WebDev\git\PlayAuthenticate\.sbtserver\connections\play-fork-run-496ac84e-8848-4550-a211-3036bbdb80b6.log))
Reading next message from client.
Got request: DaemonRequest(true)
Reading next message from client.
Sending msg to client play-fork-run-496ac84e-8848-4550-a211-3036bbdb80b6: (3,ReceivedResponse())
Got request: ListenToEvents()
Reading next message from client.
Sending msg to client play-fork-run-496ac84e-8848-4550-a211-3036bbdb80b6: BackgroundJobStarted(21,BackgroundJobInfo(2,backgroundRun,AttributeKey[sbt.BackgroundJobHandle]("backgroundRun") in Scope(Build: file:/C:/WebDev/git/PlayAuthenticate/, , Project: ProjectReference(file:/C:/WebDev/git/PlayAuthenticate/,root), Config: compile)))
Got request: KeyLookupRequest(root/playForkConfig)
Reading next message from client.
Sending msg to client play-fork-run-496ac84e-8848-4550-a211-3036bbdb80b6: BackgroundJobStarted(6,BackgroundJobInfo(1,backgroundRun,AttributeKey[sbt.BackgroundJobHandle]("backgroundRun") in Scope(Build: file:/C:/WebDev/git/PlayAuthenticate/, , Project: ProjectReference(file:/C:/WebDev/git/PlayAuthenticate/,root), Config: compile)))
Sending msg to client play-fork-run-496ac84e-8848-4550-a211-3036bbdb80b6: (4,ReceivedResponse())
Sending msg to client play-fork-run-496ac84e-8848-4550-a211-3036bbdb80b6: (5,KeyLookupResponse(root/playForkConfig,Vector(AttributeKey[play.forkrun.protocol.ForkConfig]("playForkConfig") in Scope(Build: file:/C:/WebDev/git/PlayAuthenticate/, , Project: ProjectReference(file:/C:/WebDev/git/PlayAuthenticate/,root)))))
Got request: ListenToValue(AttributeKey[play.forkrun.protocol.ForkConfig]("playForkConfig") in Scope(Build: file:/C:/WebDev/git/PlayAuthenticate/, , Project: ProjectReference(file:/C:/WebDev/git/PlayAuthenticate/,root)))
Reading next message from client.
Sending msg to client play-fork-run-496ac84e-8848-4550-a211-3036bbdb80b6: (6,ReceivedResponse())
Got request: KeyExecutionRequest(AttributeKey[play.forkrun.protocol.ForkConfig]("playForkConfig") in Scope(Build: file:/C:/WebDev/git/PlayAuthenticate/, , Project: ProjectReference(file:/C:/WebDev/git/PlayAuthenticate/,root)))
Reading next message from client.
Sending msg to client play-fork-run-496ac84e-8848-4550-a211-3036bbdb80b6: (7,ExecutionRequestReceived(22))
Sending msg to client play-fork-run-496ac84e-8848-4550-a211-3036bbdb80b6: ExecutionWaiting(22,{file:/C:/WebDev/git/PlayAuthenticate/}root/*:playForkConfig,ClientInfo(496ac84e-8848-4550-a211-3036bbdb80b6,play-fork-run,Play Fork Run,1,Vector()))
Sending msg to client play-fork-run-496ac84e-8848-4550-a211-3036bbdb80b6: ExecutionStarting(22)
Sending msg to client play-fork-run-496ac84e-8848-4550-a211-3036bbdb80b6: DetachedLogEvent(LogMessage(debug,> {file:/C:/WebDev/git/PlayAuthenticate/}root/*:playForkConfig))
Sending msg to client play-fork-run-496ac84e-8848-4550-a211-3036bbdb80b6: DetachedLogEvent(LogMessage(debug,Evaluating tasks: *:playForkConfig))
Sending msg to client play-fork-run-496ac84e-8848-4550-a211-3036bbdb80b6: DetachedLogEvent(LogMessage(debug,Running task... Cancel: sbt.server.ServerTaskCancellation@4a1f4c29, check cycles: false))
Sending msg to client play-fork-run-496ac84e-8848-4550-a211-3036bbdb80b6: DetachedLogEvent(LogMessage(debug,cancel strategy start enabled=true lastCommand=Some(LastCommand(CommandExecutionWork(ExecutionId(22),{file:/C:/WebDev/git/PlayAuthenticate/}root/*:playForkConfig,Set(LiveClient(play-fork-run 496ac84e-8848-4550-a211-3036bbdb80b6)),sbt.server.WorkCancellationStatus$$anon$1@790491cb)))))
Sending msg to client play-fork-run-496ac84e-8848-4550-a211-3036bbdb80b6: TaskStarted(22,2936,None)
Sending msg to client play-fork-run-496ac84e-8848-4550-a211-3036bbdb80b6: TaskStarted(22,2938,None)
Sending msg to client play-fork-run-496ac84e-8848-4550-a211-3036bbdb80b6: TaskStarted(22,2944,None)
Sending msg to client play-fork-run-496ac84e-8848-4550-a211-3036bbdb80b6: TaskStarted(22,2948,None)
Sending msg to client play-fork-run-496ac84e-8848-4550-a211-3036bbdb80b6: TaskStarted(22,2949,None)
Sending msg to client play-fork-run-496ac84e-8848-4550-a211-3036bbdb80b6: TaskStarted(22,2950,Some(AttributeKey[java.lang.String]("updateCacheName") in Scope(Build: file:/C:/WebDev/git/PlayAuthenticate/, , Project: ProjectReference(file:/C:/WebDev/git/PlayAuthenticate/,root))))
Sending msg to client play-fork-run-496ac84e-8848-4550-a211-3036bbdb80b6: TaskStarted(22,2957,Some(AttributeKey[scala.collection.Seq[sbt.Credentials]]("credentials") in Scope(Global)))
Sending msg to client play-fork-run-496ac84e-8848-4550-a211-3036bbdb80b6: TaskStarted(22,2964,Some(AttributeKey[scala.collection.Seq[sbt.Resolver]]("externalResolvers") in Scope(Build: file:/C:/WebDev/git/PlayAuthenticate/, , Project: ProjectReference(file:/C:/WebDev/git/PlayAuthenticate/,root))))
Sending msg to client play-fork-run-496ac84e-8848-4550-a211-3036bbdb80b6: TaskStarted(22,2965,Some(AttributeKey[scala.Option[scala.collection.Seq[sbt.Resolver]]]("bootResolvers") in Scope(Build: file:/C:/WebDev/git/PlayAuthenticate/, , Project: ProjectReference(file:/C:/WebDev/git/PlayAuthenticate/,root))))
Sending msg to client play-fork-run-496ac84e-8848-4550-a211-3036bbdb80b6: TaskStarted(22,2967,None)
Sending msg to client play-fork-run-496ac84e-8848-4550-a211-3036bbdb80b6: TaskStarted(22,2968,Some(AttributeKey[boolean]("skip") in Scope(Global)))
Sending msg to client play-fork-run-496ac84e-8848-4550-a211-3036bbdb80b6: TaskStarted(22,2973,None)
Sending msg to client play-fork-run-496ac84e-8848-4550-a211-3036bbdb80b6: TaskStarted(22,2977,Some(AttributeKey[scala.Option[java.lang.String]]("mainClass") in Scope(Build: file:/C:/WebDev/git/PlayAuthenticate/, , Project: ProjectReference(file:/C:/WebDev/git/PlayAuthenticate/,root), Config: compile, Task: AttributeKey[void]("run"))))
Sending msg to client play-fork-run-496ac84e-8848-4550-a211-3036bbdb80b6: TaskStarted(22,2979,None)
Sending msg to client play-fork-run-496ac84e-8848-4550-a211-3036bbdb80b6: TaskStarted(22,2980,Some(AttributeKey[scala.collection.Seq[java.lang.String]]("javaOptions") in Scope(Global)))
Sending msg to client play-fork-run-496ac84e-8848-4550-a211-3036bbdb80b6: TaskStarted(22,2983,Some(AttributeKey[scala.Tuple2[java.lang.String,java.io.File]]("playPrefixAndAssets") in Scope(Build: file:/C:/WebDev/git/PlayAuthenticate/, , Project: ProjectReference(file:/C:/WebDev/git/PlayAuthenticate/,root))))
Sending msg to client play-fork-run-496ac84e-8848-4550-a211-3036bbdb80b6: TaskFinished(22,2936,None,true,None)
Sending msg to client play-fork-run-496ac84e-8848-4550-a211-3036bbdb80b6: TaskStarted(22,2935,Some(AttributeKey[sbt.BuildStructure]("buildStructure") in Scope(Global)))
Sending msg to client play-fork-run-496ac84e-8848-4550-a211-3036bbdb80b6: TaskStarted(22,2951,Some(AttributeKey[java.io.File]("dependencyCacheDirectory") in Scope(Build: file:/C:/WebDev/git/PlayAuthenticate/, , Project: ProjectReference(file:/C:/WebDev/git/PlayAuthenticate/,root))))
Sending msg to client play-fork-run-496ac84e-8848-4550-a211-3036bbdb80b6: TaskFinished(22,2948,None,true,None)
Sending msg to client play-fork-run-496ac84e-8848-4550-a211-3036bbdb80b6: TaskFinished(22,2950,Some(AttributeKey[java.lang.String]("updateCacheName") in Scope(Build: file:/C:/WebDev/git/PlayAuthenticate/, , Project: ProjectReference(file:/C:/WebDev/git/PlayAuthenticate/,root))),true,None)
Sending msg to client play-fork-run-496ac84e-8848-4550-a211-3036bbdb80b6: TaskFinished(22,2957,Some(AttributeKey[scala.collection.Seq[sbt.Credentials]]("credentials") in Scope(Global)),true,None)
Sending msg to client play-fork-run-496ac84e-8848-4550-a211-3036bbdb80b6: TaskFinished(22,2949,None,true,None)
Sending msg to client play-fork-run-496ac84e-8848-4550-a211-3036bbdb80b6: TaskStarted(22,2947,Some(AttributeKey[scala.collection.Seq[sbt.UpdateReport]]("transitiveUpdate") in Scope(Build: file:/C:/WebDev/git/PlayAuthenticate/, , Project: ProjectReference(file:/C:/WebDev/git/PlayAuthenticate/,root))))
Sending msg to client play-fork-run-496ac84e-8848-4550-a211-3036bbdb80b6: TaskFinished(22,2964,Some(AttributeKey[scala.collection.Seq[sbt.Resolver]]("externalResolvers") in Scope(Build: file:/C:/WebDev/git/PlayAuthenticate/, , Project: ProjectReference(file:/C:/WebDev/git/PlayAuthenticate/,root))),true,None)
Sending msg to client play-fork-run-496ac84e-8848-4550-a211-3036bbdb80b6: TaskFinished(22,2967,None,true,None)
Sending msg to client play-fork-run-496ac84e-8848-4550-a211-3036bbdb80b6: TaskFinished(22,2968,Some(AttributeKey[boolean]("skip") in Scope(Global)),true,None)
Sending msg to client play-fork-run-496ac84e-8848-4550-a211-3036bbdb80b6: TaskFinished(22,2965,Some(AttributeKey[scala.Option[scala.collection.Seq[sbt.Resolver]]]("bootResolvers") in Scope(Build: file:/C:/WebDev/git/PlayAuthenticate/, , Project: ProjectReference(file:/C:/WebDev/git/PlayAuthenticate/,root))),true,None)
Sending msg to client play-fork-run-496ac84e-8848-4550-a211-3036bbdb80b6: TaskFinished(22,2944,None,true,None)
Sending msg to client play-fork-run-496ac84e-8848-4550-a211-3036bbdb80b6: TaskFinished(22,2938,None,true,None)
Sending msg to client play-fork-run-496ac84e-8848-4550-a211-3036bbdb80b6: TaskStarted(22,2937,None)
Sending msg to client play-fork-run-496ac84e-8848-4550-a211-3036bbdb80b6: TaskStarted(22,2959,None)
Sending msg to client play-fork-run-496ac84e-8848-4550-a211-3036bbdb80b6: TaskStarted(22,2963,None)
Sending msg to client play-fork-run-496ac84e-8848-4550-a211-3036bbdb80b6: TaskStarted(22,2966,None)
Sending msg to client play-fork-run-496ac84e-8848-4550-a211-3036bbdb80b6: TaskStarted(22,2971,None)
Sending msg to client play-fork-run-496ac84e-8848-4550-a211-3036bbdb80b6: TaskStarted(22,2974,None)
Sending msg to client play-fork-run-496ac84e-8848-4550-a211-3036bbdb80b6: TaskStarted(22,2975,None)
Sending msg to client play-fork-run-496ac84e-8848-4550-a211-3036bbdb80b6: TaskStarted(22,2976,None)
Sending msg to client play-fork-run-496ac84e-8848-4550-a211-3036bbdb80b6: TaskFinished(22,2979,None,true,None)
Sending msg to client play-fork-run-496ac84e-8848-4550-a211-3036bbdb80b6: TaskFinished(22,2977,Some(AttributeKey[scala.Option[java.lang.String]]("mainClass") in Scope(Build: file:/C:/WebDev/git/PlayAuthenticate/, , Project: ProjectReference(file:/C:/WebDev/git/PlayAuthenticate/,root), Config: compile, Task: AttributeKey[void]("run"))),true,None)
Sending msg to client play-fork-run-496ac84e-8848-4550-a211-3036bbdb80b6: TaskFinished(22,2980,Some(AttributeKey[scala.collection.Seq[java.lang.String]]("javaOptions") in Scope(Global)),true,None)
Sending msg to client play-fork-run-496ac84e-8848-4550-a211-3036bbdb80b6: TaskFinished(22,2983,Some(AttributeKey[scala.Tuple2[java.lang.String,java.io.File]]("playPrefixAndAssets") in Scope(Build: file:/C:/WebDev/git/PlayAuthenticate/, , Project: ProjectReference(file:/C:/WebDev/git/PlayAuthenticate/,root))),true,None)
Sending msg to client play-fork-run-496ac84e-8848-4550-a211-3036bbdb80b6: TaskStarted(22,2982,Some(AttributeKey[scala.collection.Seq[scala.Tuple2[java.lang.String,java.io.File]]]("playAllAssets") in Scope(Build: file:/C:/WebDev/git/PlayAuthenticate/, , Project: ProjectReference(file:/C:/WebDev/git/PlayAuthenticate/,root))))
Sending msg to client play-fork-run-496ac84e-8848-4550-a211-3036bbdb80b6: TaskFinished(22,2973,None,true,None)
Sending msg to client play-fork-run-496ac84e-8848-4550-a211-3036bbdb80b6: TaskFinished(22,2937,None,true,None)
Sending msg to client play-fork-run-496ac84e-8848-4550-a211-3036bbdb80b6: TaskFinished(22,2951,Some(AttributeKey[java.io.File]("dependencyCacheDirectory") in Scope(Build: file:/C:/WebDev/git/PlayAuthenticate/, , Project: ProjectReference(file:/C:/WebDev/git/PlayAuthenticate/,root))),true,None)
Sending msg to client play-fork-run-496ac84e-8848-4550-a211-3036bbdb80b6: TaskFinished(22,2963,None,true,None)
Sending msg to client play-fork-run-496ac84e-8848-4550-a211-3036bbdb80b6: TaskFinished(22,2947,Some(AttributeKey[scala.collection.Seq[sbt.UpdateReport]]("transitiveUpdate") in Scope(Build: file:/C:/WebDev/git/PlayAuthenticate/, , Project: ProjectReference(file:/C:/WebDev/git/PlayAuthenticate/,root))),true,None)
Sending msg to client play-fork-run-496ac84e-8848-4550-a211-3036bbdb80b6: TaskFinished(22,2971,None,true,None)
Sending msg to client play-fork-run-496ac84e-8848-4550-a211-3036bbdb80b6: TaskStarted(22,2970,Some(AttributeKey[scala.collection.immutable.Map[sbt.ModuleID,sbt.SourcePosition]]("dependencyPositions") in Scope(Build: file:/C:/WebDev/git/PlayAuthenticate/, , Project: ProjectReference(file:/C:/WebDev/git/PlayAuthenticate/,root))))
Sending msg to client play-fork-run-496ac84e-8848-4550-a211-3036bbdb80b6: TaskFinished(22,2966,None,true,None)
Sending msg to client play-fork-run-496ac84e-8848-4550-a211-3036bbdb80b6: TaskFinished(22,2974,None,true,None)
Sending msg to client play-fork-run-496ac84e-8848-4550-a211-3036bbdb80b6: TaskFinished(22,2976,None,true,None)
Sending msg to client play-fork-run-496ac84e-8848-4550-a211-3036bbdb80b6: TaskFinished(22,2975,None,true,None)
Sending msg to client play-fork-run-496ac84e-8848-4550-a211-3036bbdb80b6: TaskFinished(22,2982,Some(AttributeKey[scala.collection.Seq[scala.Tuple2[java.lang.String,java.io.File]]]("playAllAssets") in Scope(Build: file:/C:/WebDev/git/PlayAuthenticate/, , Project: ProjectReference(file:/C:/WebDev/git/PlayAuthenticate/,root))),true,None)
Sending msg to client play-fork-run-496ac84e-8848-4550-a211-3036bbdb80b6: TaskFinished(22,2935,Some(AttributeKey[sbt.BuildStructure]("buildStructure") in Scope(Global)),true,None)
Sending msg to client play-fork-run-496ac84e-8848-4550-a211-3036bbdb80b6: TaskStarted(22,2934,Some(AttributeKey[sbt.Settings[sbt.Scope]]("settingsData") in Scope(Global)))
Sending msg to client play-fork-run-496ac84e-8848-4550-a211-3036bbdb80b6: TaskFinished(22,2934,Some(AttributeKey[sbt.Settings[sbt.Scope]]("settingsData") in Scope(Global)),true,None)
Sending msg to client play-fork-run-496ac84e-8848-4550-a211-3036bbdb80b6: TaskStarted(22,2933,None)
Sending msg to client play-fork-run-496ac84e-8848-4550-a211-3036bbdb80b6: TaskStarted(22,2955,Some(AttributeKey[scala.collection.Seq[sbt.ModuleID]]("projectDependencies") in Scope(Build: file:/C:/WebDev/git/PlayAuthenticate/, , Project: ProjectReference(file:/C:/WebDev/git/PlayAuthenticate/,root))))
Sending msg to client play-fork-run-496ac84e-8848-4550-a211-3036bbdb80b6: TaskStarted(22,2962,Some(AttributeKey[scala.collection.immutable.Map[org.apache.ivy.core.module.id.ModuleRevisionId,org.apache.ivy.core.module.descriptor.ModuleDescriptor]]("projectDescriptors") in Scope(Build: file:/C:/WebDev/git/PlayAuthenticate/, , Project: ProjectReference(file:/C:/WebDev/git/PlayAuthenticate/,root))))
Sending msg to client play-fork-run-496ac84e-8848-4550-a211-3036bbdb80b6: TaskStarted(22,2972,None)
Sending msg to client play-fork-run-496ac84e-8848-4550-a211-3036bbdb80b6: TaskStarted(22,2978,Some(AttributeKey[scala.collection.Seq[java.io.File]]("playMonitoredFiles") in Scope(Build: file:/C:/WebDev/git/PlayAuthenticate/, , Project: ProjectReference(file:/C:/WebDev/git/PlayAuthenticate/,root))))
Sending msg to client play-fork-run-496ac84e-8848-4550-a211-3036bbdb80b6: TaskFinished(22,2970,Some(AttributeKey[scala.collection.immutable.Map[sbt.ModuleID,sbt.SourcePosition]]("dependencyPositions") in Scope(Build: file:/C:/WebDev/git/PlayAuthenticate/, , Project: ProjectReference(file:/C:/WebDev/git/PlayAuthenticate/,root))),true,None)
Sending msg to client play-fork-run-496ac84e-8848-4550-a211-3036bbdb80b6: TaskStarted(22,2969,Some(AttributeKey[sbt.UnresolvedWarningConfiguration]("unresolvedWarningConfiguration") in Scope(Build: file:/C:/WebDev/git/PlayAuthenticate/, , Project: ProjectReference(file:/C:/WebDev/git/PlayAuthenticate/,root), Task: AttributeKey[sbt.UpdateReport]("update"))))
Sending msg to client play-fork-run-496ac84e-8848-4550-a211-3036bbdb80b6: TaskStarted(22,2989,None)
Sending msg to client play-fork-run-496ac84e-8848-4550-a211-3036bbdb80b6: TaskStarted(22,2991,None)
Sending msg to client play-fork-run-496ac84e-8848-4550-a211-3036bbdb80b6: TaskStarted(22,2992,None)
Sending msg to client play-fork-run-496ac84e-8848-4550-a211-3036bbdb80b6: TaskStarted(22,2994,None)
Sending msg to client play-fork-run-496ac84e-8848-4550-a211-3036bbdb80b6: TaskStarted(22,2995,None)
Sending msg to client play-fork-run-496ac84e-8848-4550-a211-3036bbdb80b6: TaskFinished(22,2955,Some(AttributeKey[scala.collection.Seq[sbt.ModuleID]]("projectDependencies") in Scope(Build: file:/C:/WebDev/git/PlayAuthenticate/, , Project: ProjectReference(file:/C:/WebDev/git/PlayAuthenticate/,root))),true,None)
Sending msg to client play-fork-run-496ac84e-8848-4550-a211-3036bbdb80b6: TaskStarted(22,2954,Some(AttributeKey[scala.collection.Seq[sbt.ModuleID]]("allDependencies") in Scope(Build: file:/C:/WebDev/git/PlayAuthenticate/, , Project: ProjectReference(file:/C:/WebDev/git/PlayAuthenticate/,root))))
Sending msg to client play-fork-run-496ac84e-8848-4550-a211-3036bbdb80b6: TaskStarted(22,2996,None)
Sending msg to client play-fork-run-496ac84e-8848-4550-a211-3036bbdb80b6: TaskFinished(22,2969,Some(AttributeKey[sbt.UnresolvedWarningConfiguration]("unresolvedWarningConfiguration") in Scope(Build: file:/C:/WebDev/git/PlayAuthenticate/, , Project: ProjectReference(file:/C:/WebDev/git/PlayAuthenticate/,root), Task: AttributeKey[sbt.UpdateReport]("update"))),true,None)
Sending msg to client play-fork-run-496ac84e-8848-4550-a211-3036bbdb80b6: TaskStarted(22,2998,None)
Sending msg to client play-fork-run-496ac84e-8848-4550-a211-3036bbdb80b6: TaskFinished(22,2989,None,true,None)
Sending msg to client play-fork-run-496ac84e-8848-4550-a211-3036bbdb80b6: TaskStarted(22,2988,None)
Sending msg to client play-fork-run-496ac84e-8848-4550-a211-3036bbdb80b6: TaskFinished(22,2991,None,true,None)
Sending msg to client play-fork-run-496ac84e-8848-4550-a211-3036bbdb80b6: TaskFinished(22,2994,None,true,None)
Sending msg to client play-fork-run-496ac84e-8848-4550-a211-3036bbdb80b6: TaskFinished(22,2995,None,true,None)
Sending msg to client play-fork-run-496ac84e-8848-4550-a211-3036bbdb80b6: TaskStarted(22,2993,Some(AttributeKey[scala.collection.Seq[sbt.Attributed[java.io.File]]]("unmanagedJars") in Scope(Build: file:/C:/WebDev/git/PlayAuthenticate/, , Project: ProjectReference(file:/C:/WebDev/git/PlayAuthenticate/,root), Config: runtime)))
Sending msg to client play-fork-run-496ac84e-8848-4550-a211-3036bbdb80b6: TaskFinished(22,2992,None,true,None)
Sending msg to client play-fork-run-496ac84e-8848-4550-a211-3036bbdb80b6: TaskStarted(22,2990,Some(AttributeKey[scala.collection.Seq[sbt.Attributed[java.io.File]]]("unmanagedJars") in Scope(Build: file:/C:/WebDev/git/PlayAuthenticate/, , Project: ProjectReference(file:/C:/WebDev/git/PlayAuthenticate/,root), Config: compile)))
Sending msg to client play-fork-run-496ac84e-8848-4550-a211-3036bbdb80b6: TaskFinished(22,2954,Some(AttributeKey[scala.collection.Seq[sbt.ModuleID]]("allDependencies") in Scope(Build: file:/C:/WebDev/git/PlayAuthenticate/, , Project: ProjectReference(file:/C:/WebDev/git/PlayAuthenticate/,root))),true,None)
Sending msg to client play-fork-run-496ac84e-8848-4550-a211-3036bbdb80b6: TaskStarted(22,2953,Some(AttributeKey[sbt.ModuleSettings]("moduleSettings") in Scope(Build: file:/C:/WebDev/git/PlayAuthenticate/, , Project: ProjectReference(file:/C:/WebDev/git/PlayAuthenticate/,root))))
Sending msg to client play-fork-run-496ac84e-8848-4550-a211-3036bbdb80b6: TaskFinished(22,2996,None,true,None)
Sending msg to client play-fork-run-496ac84e-8848-4550-a211-3036bbdb80b6: TaskFinished(22,2972,None,true,None)
Sending msg to client play-fork-run-496ac84e-8848-4550-a211-3036bbdb80b6: TaskFinished(22,2998,None,true,None)
Sending msg to client play-fork-run-496ac84e-8848-4550-a211-3036bbdb80b6: TaskStarted(22,2997,None)
Sending msg to client play-fork-run-496ac84e-8848-4550-a211-3036bbdb80b6: TaskStarted(22,2999,None)
Sending msg to client play-fork-run-496ac84e-8848-4550-a211-3036bbdb80b6: TaskFinished(22,2990,Some(AttributeKey[scala.collection.Seq[sbt.Attributed[java.io.File]]]("unmanagedJars") in Scope(Build: file:/C:/WebDev/git/PlayAuthenticate/, , Project: ProjectReference(file:/C:/WebDev/git/PlayAuthenticate/,root), Config: compile)),true,None)
Sending msg to client play-fork-run-496ac84e-8848-4550-a211-3036bbdb80b6: TaskFinished(22,2953,Some(AttributeKey[sbt.ModuleSettings]("moduleSettings") in Scope(Build: file:/C:/WebDev/git/PlayAuthenticate/, , Project: ProjectReference(file:/C:/WebDev/git/PlayAuthenticate/,root))),true,None)
Sending msg to client play-fork-run-496ac84e-8848-4550-a211-3036bbdb80b6: TaskFinished(22,2993,Some(AttributeKey[scala.collection.Seq[sbt.Attributed[java.io.File]]]("unmanagedJars") in Scope(Build: file:/C:/WebDev/git/PlayAuthenticate/, , Project: ProjectReference(file:/C:/WebDev/git/PlayAuthenticate/,root), Config: runtime)),true,None)
Sending msg to client play-fork-run-496ac84e-8848-4550-a211-3036bbdb80b6: TaskFinished(22,2999,None,true,None)
Sending msg to client play-fork-run-496ac84e-8848-4550-a211-3036bbdb80b6: TaskFinished(22,2988,None,true,None)
Sending msg to client play-fork-run-496ac84e-8848-4550-a211-3036bbdb80b6: TaskStarted(22,2987,Some(AttributeKey[scala.collection.Seq[sbt.Attributed[java.io.File]]]("unmanagedJars") in Scope(Build: file:/C:/WebDev/git/PlayAuthenticate/, , Project: ProjectReference(file:/C:/WebDev/git/PlayAuthenticate/,root), Config: compile)))
Sending msg to client play-fork-run-496ac84e-8848-4550-a211-3036bbdb80b6: TaskFinished(22,2997,None,true,None)
Sending msg to client play-fork-run-496ac84e-8848-4550-a211-3036bbdb80b6: TaskFinished(22,2962,Some(AttributeKey[scala.collection.immutable.Map[org.apache.ivy.core.module.id.ModuleRevisionId,org.apache.ivy.core.module.descriptor.ModuleDescriptor]]("projectDescriptors") in Scope(Build: file:/C:/WebDev/git/PlayAuthenticate/, , Project: ProjectReference(file:/C:/WebDev/git/PlayAuthenticate/,root))),true,None)
Sending msg to client play-fork-run-496ac84e-8848-4550-a211-3036bbdb80b6: TaskStarted(22,2961,Some(AttributeKey[sbt.Resolver]("projectResolver") in Scope(Build: file:/C:/WebDev/git/PlayAuthenticate/, , Project: ProjectReference(file:/C:/WebDev/git/PlayAuthenticate/,root))))
Sending msg to client play-fork-run-496ac84e-8848-4550-a211-3036bbdb80b6: TaskFinished(22,2987,Some(AttributeKey[scala.collection.Seq[sbt.Attributed[java.io.File]]]("unmanagedJars") in Scope(Build: file:/C:/WebDev/git/PlayAuthenticate/, , Project: ProjectReference(file:/C:/WebDev/git/PlayAuthenticate/,root), Config: compile)),true,None)
Sending msg to client play-fork-run-496ac84e-8848-4550-a211-3036bbdb80b6: TaskStarted(22,2986,None)
Sending msg to client play-fork-run-496ac84e-8848-4550-a211-3036bbdb80b6: TaskFinished(22,2961,Some(AttributeKey[sbt.Resolver]("projectResolver") in Scope(Build: file:/C:/WebDev/git/PlayAuthenticate/, , Project: ProjectReference(file:/C:/WebDev/git/PlayAuthenticate/,root))),true,None)
Sending msg to client play-fork-run-496ac84e-8848-4550-a211-3036bbdb80b6: TaskStarted(22,2960,Some(AttributeKey[scala.collection.Seq[sbt.Resolver]]("fullResolvers") in Scope(Build: file:/C:/WebDev/git/PlayAuthenticate/, , Project: ProjectReference(file:/C:/WebDev/git/PlayAuthenticate/,root))))
Sending msg to client play-fork-run-496ac84e-8848-4550-a211-3036bbdb80b6: TaskFinished(22,2960,Some(AttributeKey[scala.collection.Seq[sbt.Resolver]]("fullResolvers") in Scope(Build: file:/C:/WebDev/git/PlayAuthenticate/, , Project: ProjectReference(file:/C:/WebDev/git/PlayAuthenticate/,root))),true,None)
Sending msg to client play-fork-run-496ac84e-8848-4550-a211-3036bbdb80b6: TaskFinished(22,2986,None,true,None)
Sending msg to client play-fork-run-496ac84e-8848-4550-a211-3036bbdb80b6: TaskStarted(22,2985,None)
Sending msg to client play-fork-run-496ac84e-8848-4550-a211-3036bbdb80b6: TaskFinished(22,2985,None,true,None)
Sending msg to client play-fork-run-496ac84e-8848-4550-a211-3036bbdb80b6: TaskFinished(22,2933,None,true,None)
Sending msg to client play-fork-run-496ac84e-8848-4550-a211-3036bbdb80b6: TaskStarted(22,2932,Some(AttributeKey[scala.collection.Seq[sbt.Attributed[java.io.File]]]("unmanagedClasspath") in Scope(Build: file:/C:/WebDev/git/PlayAuthenticate/, , Project: ProjectReference(file:/C:/WebDev/git/PlayAuthenticate/,root), Config: runtime)))
Sending msg to client play-fork-run-496ac84e-8848-4550-a211-3036bbdb80b6: TaskFinished(22,2932,Some(AttributeKey[scala.collection.Seq[sbt.Attributed[java.io.File]]]("unmanagedClasspath") in Scope(Build: file:/C:/WebDev/git/PlayAuthenticate/, , Project: ProjectReference(file:/C:/WebDev/git/PlayAuthenticate/,root), Config: runtime)),true,None)
Sending msg to client play-fork-run-496ac84e-8848-4550-a211-3036bbdb80b6: TaskFinished(22,2959,None,true,None)
Sending msg to client play-fork-run-496ac84e-8848-4550-a211-3036bbdb80b6: TaskStarted(22,2958,Some(AttributeKey[sbt.IvyConfiguration]("ivyConfiguration") in Scope(Build: file:/C:/WebDev/git/PlayAuthenticate/, , Project: ProjectReference(file:/C:/WebDev/git/PlayAuthenticate/,root))))
Sending msg to client play-fork-run-496ac84e-8848-4550-a211-3036bbdb80b6: TaskFinished(22,2958,Some(AttributeKey[sbt.IvyConfiguration]("ivyConfiguration") in Scope(Build: file:/C:/WebDev/git/PlayAuthenticate/, , Project: ProjectReference(file:/C:/WebDev/git/PlayAuthenticate/,root))),true,None)
Sending msg to client play-fork-run-496ac84e-8848-4550-a211-3036bbdb80b6: TaskStarted(22,2956,Some(AttributeKey[sbt.IvySbt]("ivySbt") in Scope(Build: file:/C:/WebDev/git/PlayAuthenticate/, , Project: ProjectReference(file:/C:/WebDev/git/PlayAuthenticate/,root))))
Sending msg to client play-fork-run-496ac84e-8848-4550-a211-3036bbdb80b6: TaskStarted(22,3000,None)
Sending msg to client play-fork-run-496ac84e-8848-4550-a211-3036bbdb80b6: TaskFinished(22,3000,None,true,None)
Sending msg to client play-fork-run-496ac84e-8848-4550-a211-3036bbdb80b6: TaskFinished(22,2978,Some(AttributeKey[scala.collection.Seq[java.io.File]]("playMonitoredFiles") in Scope(Build: file:/C:/WebDev/git/PlayAuthenticate/, , Project: ProjectReference(file:/C:/WebDev/git/PlayAuthenticate/,root))),true,None)
Sending msg to client play-fork-run-496ac84e-8848-4550-a211-3036bbdb80b6: TaskFinished(22,2956,Some(AttributeKey[sbt.IvySbt]("ivySbt") in Scope(Build: file:/C:/WebDev/git/PlayAuthenticate/, , Project: ProjectReference(file:/C:/WebDev/git/PlayAuthenticate/,root))),true,None)
Sending msg to client play-fork-run-496ac84e-8848-4550-a211-3036bbdb80b6: TaskStarted(22,2952,Some(AttributeKey[sbt.IvySbt$Module]("ivyModule") in Scope(Build: file:/C:/WebDev/git/PlayAuthenticate/, , Project: ProjectReference(file:/C:/WebDev/git/PlayAuthenticate/,root))))
Sending msg to client play-fork-run-496ac84e-8848-4550-a211-3036bbdb80b6: TaskFinished(22,2952,Some(AttributeKey[sbt.IvySbt$Module]("ivyModule") in Scope(Build: file:/C:/WebDev/git/PlayAuthenticate/, , Project: ProjectReference(file:/C:/WebDev/git/PlayAuthenticate/,root))),true,None)
Sending msg to client play-fork-run-496ac84e-8848-4550-a211-3036bbdb80b6: TaskStarted(22,2946,Some(AttributeKey[sbt.UpdateReport]("update") in Scope(Build: file:/C:/WebDev/git/PlayAuthenticate/, , Project: ProjectReference(file:/C:/WebDev/git/PlayAuthenticate/,root))))
Sending msg to client play-fork-run-496ac84e-8848-4550-a211-3036bbdb80b6: TaskFinished(22,2946,Some(AttributeKey[sbt.UpdateReport]("update") in Scope(Build: file:/C:/WebDev/git/PlayAuthenticate/, , Project: ProjectReference(file:/C:/WebDev/git/PlayAuthenticate/,root))),true,None)
Sending msg to client play-fork-run-496ac84e-8848-4550-a211-3036bbdb80b6: TaskStarted(22,2945,Some(AttributeKey[sbt.UpdateReport]("update") in Scope(Build: file:/C:/WebDev/git/PlayAuthenticate/, , Project: ProjectReference(file:/C:/WebDev/git/PlayAuthenticate/,root))))
Sending msg to client play-fork-run-496ac84e-8848-4550-a211-3036bbdb80b6: TaskFinished(22,2945,Some(AttributeKey[sbt.UpdateReport]("update") in Scope(Build: file:/C:/WebDev/git/PlayAuthenticate/, , Project: ProjectReference(file:/C:/WebDev/git/PlayAuthenticate/,root))),true,None)
Sending msg to client play-fork-run-496ac84e-8848-4550-a211-3036bbdb80b6: TaskStarted(22,2943,Some(AttributeKey[sbt.Configuration]("classpathConfiguration") in Scope(Build: file:/C:/WebDev/git/PlayAuthenticate/, , Project: ProjectReference(file:/C:/WebDev/git/PlayAuthenticate/,root), Config: compile)))
Sending msg to client play-fork-run-496ac84e-8848-4550-a211-3036bbdb80b6: TaskStarted(22,2981,Some(AttributeKey[scala.collection.Seq[sbt.Attributed[java.io.File]]]("managedClasspath") in Scope(Build: file:/C:/WebDev/git/PlayAuthenticate/, , Project: ProjectReference(file:/C:/WebDev/git/PlayAuthenticate/,root), Config: docs)))
Sending msg to client play-fork-run-496ac84e-8848-4550-a211-3036bbdb80b6: TaskFinished(22,2981,Some(AttributeKey[scala.collection.Seq[sbt.Attributed[java.io.File]]]("managedClasspath") in Scope(Build: file:/C:/WebDev/git/PlayAuthenticate/, , Project: ProjectReference(file:/C:/WebDev/git/PlayAuthenticate/,root), Config: docs)),true,None)
Sending msg to client play-fork-run-496ac84e-8848-4550-a211-3036bbdb80b6: TaskStarted(22,2984,Some(AttributeKey[scala.Option[java.io.File]]("playDocsJar") in Scope(Build: file:/C:/WebDev/git/PlayAuthenticate/, , Project: ProjectReference(file:/C:/WebDev/git/PlayAuthenticate/,root))))
Sending msg to client play-fork-run-496ac84e-8848-4550-a211-3036bbdb80b6: TaskFinished(22,2984,Some(AttributeKey[scala.Option[java.io.File]]("playDocsJar") in Scope(Build: file:/C:/WebDev/git/PlayAuthenticate/, , Project: ProjectReference(file:/C:/WebDev/git/PlayAuthenticate/,root))),true,None)
Sending msg to client play-fork-run-496ac84e-8848-4550-a211-3036bbdb80b6: TaskFinished(22,2943,Some(AttributeKey[sbt.Configuration]("classpathConfiguration") in Scope(Build: file:/C:/WebDev/git/PlayAuthenticate/, , Project: ProjectReference(file:/C:/WebDev/git/PlayAuthenticate/,root), Config: compile)),true,None)
Sending msg to client play-fork-run-496ac84e-8848-4550-a211-3036bbdb80b6: TaskStarted(22,2942,None)
Sending msg to client play-fork-run-496ac84e-8848-4550-a211-3036bbdb80b6: TaskFinished(22,2942,None,true,None)
Sending msg to client play-fork-run-496ac84e-8848-4550-a211-3036bbdb80b6: TaskStarted(22,2941,Some(AttributeKey[sbt.Configuration]("classpathConfiguration") in Scope(Build: file:/C:/WebDev/git/PlayAuthenticate/, , Project: ProjectReference(file:/C:/WebDev/git/PlayAuthenticate/,root), Config: runtime)))
Sending msg to client play-fork-run-496ac84e-8848-4550-a211-3036bbdb80b6: TaskFinished(22,2941,Some(AttributeKey[sbt.Configuration]("classpathConfiguration") in Scope(Build: file:/C:/WebDev/git/PlayAuthenticate/, , Project: ProjectReference(file:/C:/WebDev/git/PlayAuthenticate/,root), Config: runtime)),true,None)
Sending msg to client play-fork-run-496ac84e-8848-4550-a211-3036bbdb80b6: TaskStarted(22,2940,None)
Sending msg to client play-fork-run-496ac84e-8848-4550-a211-3036bbdb80b6: TaskFinished(22,2940,None,true,None)
Sending msg to client play-fork-run-496ac84e-8848-4550-a211-3036bbdb80b6: TaskStarted(22,2939,Some(AttributeKey[scala.collection.Seq[sbt.Attributed[java.io.File]]]("managedClasspath") in Scope(Build: file:/C:/WebDev/git/PlayAuthenticate/, , Project: ProjectReference(file:/C:/WebDev/git/PlayAuthenticate/,root), Config: runtime)))
Sending msg to client play-fork-run-496ac84e-8848-4550-a211-3036bbdb80b6: TaskFinished(22,2939,Some(AttributeKey[scala.collection.Seq[sbt.Attributed[java.io.File]]]("managedClasspath") in Scope(Build: file:/C:/WebDev/git/PlayAuthenticate/, , Project: ProjectReference(file:/C:/WebDev/git/PlayAuthenticate/,root), Config: runtime)),true,None)
Sending msg to client play-fork-run-496ac84e-8848-4550-a211-3036bbdb80b6: TaskStarted(22,2931,None)
Sending msg to client play-fork-run-496ac84e-8848-4550-a211-3036bbdb80b6: TaskFinished(22,2931,None,true,None)
Sending msg to client play-fork-run-496ac84e-8848-4550-a211-3036bbdb80b6: TaskStarted(22,2930,Some(AttributeKey[scala.collection.Seq[sbt.Attributed[java.io.File]]]("playDependencyClasspath") in Scope(Build: file:/C:/WebDev/git/PlayAuthenticate/, , Project: ProjectReference(file:/C:/WebDev/git/PlayAuthenticate/,root))))
Sending msg to client play-fork-run-496ac84e-8848-4550-a211-3036bbdb80b6: TaskFinished(22,2930,Some(AttributeKey[scala.collection.Seq[sbt.Attributed[java.io.File]]]("playDependencyClasspath") in Scope(Build: file:/C:/WebDev/git/PlayAuthenticate/, , Project: ProjectReference(file:/C:/WebDev/git/PlayAuthenticate/,root))),true,None)
Sending msg to client play-fork-run-496ac84e-8848-4550-a211-3036bbdb80b6: TaskStarted(22,2929,Some(AttributeKey[play.forkrun.protocol.ForkConfig]("playForkConfig") in Scope(Build: file:/C:/WebDev/git/PlayAuthenticate/, , Project: ProjectReference(file:/C:/WebDev/git/PlayAuthenticate/,root))))
Sending msg to client play-fork-run-496ac84e-8848-4550-a211-3036bbdb80b6: TaskFinished(22,2929,Some(AttributeKey[play.forkrun.protocol.ForkConfig]("playForkConfig") in Scope(Build: file:/C:/WebDev/git/PlayAuthenticate/, , Project: ProjectReference(file:/C:/WebDev/git/PlayAuthenticate/,root))),true,None)
Sending msg to client play-fork-run-496ac84e-8848-4550-a211-3036bbdb80b6: ValueChanged(AttributeKey[play.forkrun.protocol.ForkConfig]("playForkConfig") in Scope(Build: file:/C:/WebDev/git/PlayAuthenticate/, , Project: ProjectReference(file:/C:/WebDev/git/PlayAuthenticate/,root)),TaskSuccess(BuildValue(LazyValue(ForkConfig(C:\WebDev\git\PlayAuthenticate,List(),List(C:\activator-dist-1.3.10\repository\org.scala-lang\scala-library\2.10.5\jars\scala-library.jar, C:\activator-dist-1.3.10\repository\com.typesafe.play\play-enhancer\1.1.0\jars\play-enhancer.jar, C:\activator-dist-1.3.10\repository\com.typesafe.play\twirl-api_2.10\1.1.1\jars\twirl-api_2.10.jar, C:\activator-dist-1.3.10\repository\org.apache.commons\commons-lang3\3.4\jars\commons-lang3.jar, C:\Users\zellerd\.ivy2\cache\com.typesafe.play\play-ebean_2.10\jars\play-ebean_2.10-1.0.0.jar, C:\Users\zellerd\.ivy2\cache\com.typesafe.play\play-java-jdbc_2.10\jars\play-java-jdbc_2.10-2.4.0.jar, C:\Users\zellerd\.ivy2\cache\com.typesafe.play\play-jdbc_2.10\jars\play-jdbc_2.10-2.4.6.jar, C:\Users\zellerd\.ivy2\cache\com.typesafe.play\play-jdbc-api_2.10\jars\play-jdbc-api_2.10-2.4.6.jar, C:\Users\zellerd\.ivy2\cache\com.typesafe.play\play_2.10\jars\play_2.10-2.4.6.jar, C:\Users\zellerd\.ivy2\cache\com.typesafe.play\build-link\jars\build-link-2.4.6.jar, C:\Users\zellerd\.ivy2\cache\com.typesafe.play\play-exceptions\jars\play-exceptions-2.4.6.jar, C:\activator-dist-1.3.10\repository\org.javassist\javassist\3.19.0-GA\bundles\javassist.jar, C:\Users\zellerd\.ivy2\cache\com.typesafe.play\play-iteratees_2.10\jars\play-iteratees_2.10-2.4.6.jar, C:\activator-dist-1.3.10\repository\org.scala-stm\scala-stm_2.10\0.7\jars\scala-stm_2.10.jar, C:\activator-dist-1.3.10\repository\com.typesafe\config\1.3.0\bundles\config.jar, C:\Users\zellerd\.ivy2\cache\com.typesafe.play\play-json_2.10\jars\play-json_2.10-2.4.6.jar, C:\Users\zellerd\.ivy2\cache\com.typesafe.play\play-functional_2.10\jars\play-functional_2.10-2.4.6.jar, C:\Users\zellerd\.ivy2\cache\com.typesafe.play\play-datacommons_2.10\jars\play-datacommons_2.10-2.4.6.jar, C:\activator-dist-1.3.10\repository\joda-time\joda-time\2.8.1\jars\joda-time.jar, C:\activator-dist-1.3.10\repository\org.joda\joda-convert\1.7\jars\joda-convert.jar, C:\activator-dist-1.3.10\repository\org.scala-lang\scala-reflect\2.10.5\jars\scala-reflect.jar, C:\activator-dist-1.3.10\repository\com.fasterxml.jackson.core\jackson-core\2.5.4\bundles\jackson-core.jar, C:\activator-dist-1.3.10\repository\com.fasterxml.jackson.core\jackson-annotations\2.5.4\bundles\jackson-annotations.jar, C:\activator-dist-1.3.10\repository\com.fasterxml.jackson.core\jackson-databind\2.5.4\bundles\jackson-databind.jar, C:\activator-dist-1.3.10\repository\com.fasterxml.jackson.datatype\jackson-datatype-jdk8\2.5.4\bundles\jackson-datatype-jdk8.jar, C:\activator-dist-1.3.10\repository\com.fasterxml.jackson.datatype\jackson-datatype-jsr310\2.5.4\bundles\jackson-datatype-jsr310.jar, C:\Users\zellerd\.ivy2\cache\com.typesafe.play\play-netty-utils\jars\play-netty-utils-2.4.6.jar, C:\activator-dist-1.3.10\repository\org.slf4j\slf4j-api\1.7.12\jars\slf4j-api.jar, C:\activator-dist-1.3.10\repository\org.slf4j\jul-to-slf4j\1.7.12\jars\jul-to-slf4j.jar, C:\activator-dist-1.3.10\repository\org.slf4j\jcl-over-slf4j\1.7.12\jars\jcl-over-slf4j.jar, C:\activator-dist-1.3.10\repository\ch.qos.logback\logback-core\1.1.3\jars\logback-core.jar, C:\activator-dist-1.3.10\repository\ch.qos.logback\logback-classic\1.1.3\jars\logback-classic.jar, C:\Users\zellerd\.ivy2\cache\com.typesafe.akka\akka-actor_2.10\jars\akka-actor_2.10-2.3.13.jar, C:\Users\zellerd\.ivy2\cache\com.typesafe.akka\akka-slf4j_2.10\jars\akka-slf4j_2.10-2.3.13.jar, C:\activator-dist-1.3.10\repository\commons-codec\commons-codec\1.10\jars\commons-codec.jar, C:\Users\zellerd\.ivy2\cache\xerces\xercesImpl\jars\xercesImpl-2.11.0.jar, C:\Users\zellerd\.ivy2\cache\xml-apis\xml-apis\jars\xml-apis-1.4.01.jar, C:\Users\zellerd\.ivy2\cache\javax.transaction\jta\jars\jta-1.1.jar, C:\activator-dist-1.3.10\repository\com.google.inject\guice\4.0\jars\guice.jar, C:\activator-dist-1.3.10\repository\javax.inject\javax.inject\1\jars\javax.inject.jar, C:\activator-dist-1.3.10\repository\aopalliance\aopalliance\1.0\jars\aopalliance.jar, C:\activator-dist-1.3.10\repository\com.google.inject.extensions\guice-assistedinject\4.0\jars\guice-assistedinject.jar, C:\activator-dist-1.3.10\repository\com.jolbox\bonecp\0.8.0.RELEASE\bundles\bonecp.jar, C:\activator-dist-1.3.10\repository\com.zaxxer\HikariCP\2.3.7\bundles\HikariCP.jar, C:\activator-dist-1.3.10\repository\com.h2database\h2\1.4.187\jars\h2.jar, C:\activator-dist-1.3.10\repository\tyrex\tyrex\1.0.1\jars\tyrex.jar, C:\Users\zellerd\.ivy2\cache\com.typesafe.play\play-java_2.10\jars\play-java_2.10-2.4.6.jar, C:\Users\zellerd\.ivy2\cache\org.scala-lang.modules\scala-java8-compat_2.10\bundles\scala-java8-compat_2.10-0.3.0.jar, C:\activator-dist-1.3.10\repository\org.yaml\snakeyaml\1.15\bundles\snakeyaml.jar, C:\activator-dist-1.3.10\repository\org.hibernate\hibernate-validator\5.0.3.Final\jars\hibernate-validator.jar, C:\activator-dist-1.3.10\repository\javax.validation\validation-api\1.1.0.Final\jars\validation-api.jar, C:\activator-dist-1.3.10\repository\com.fasterxml\classmate\1.0.0\bundles\classmate.jar, C:\activator-dist-1.3.10\repository\org.jboss.logging\jboss-logging\3.2.1.Final\jars\jboss-logging.jar, C:\activator-dist-1.3.10\repository\org.springframework\spring-context\4.1.6.RELEASE\jars\spring-context.jar, C:\activator-dist-1.3.10\repository\org.springframework\spring-core\4.1.6.RELEASE\jars\spring-core.jar, C:\activator-dist-1.3.10\repository\org.springframework\spring-beans\4.1.6.RELEASE\jars\spring-beans.jar, C:\activator-dist-1.3.10\repository\org.reflections\reflections\0.9.9\jars\reflections.jar, C:\activator-dist-1.3.10\repository\net.jodah\typetools\0.4.3\bundles\typetools.jar, C:\activator-dist-1.3.10\repository\com.google.guava\guava\18.0\bundles\guava.jar, C:\activator-dist-1.3.10\repository\com.google.code.findbugs\jsr305\2.0.3\jars\jsr305.jar, C:\activator-dist-1.3.10\repository\org.apache.tomcat\tomcat-servlet-api\8.0.21\jars\tomcat-servlet-api.jar, C:\Users\zellerd\.ivy2\cache\com.typesafe.play\play-jdbc-evolutions_2.10\jars\play-jdbc-evolutions_2.10-2.4.0.jar, C:\Users\zellerd\.ivy2\cache\org.avaje.ebeanorm\avaje-ebeanorm\jars\avaje-ebeanorm-4.6.2.jar, C:\Users\zellerd\.ivy2\cache\javax.persistence\persistence-api\jars\persistence-api-1.0.jar, C:\Users\zellerd\.ivy2\cache\org.avaje.ebeanorm\avaje-ebeanorm-agent\jars\avaje-ebeanorm-agent-4.5.3.jar, C:\Users\zellerd\.ivy2\cache\com.typesafe.play\play-server_2.10\jars\play-server_2.10-2.4.6.jar, C:\Users\zellerd\.ivy2\cache\com.typesafe.play\play-netty-server_2.10\jars\play-netty-server_2.10-2.4.6.jar, C:\activator-dist-1.3.10\repository\io.netty\netty\3.10.4.Final\bundles\netty.jar, C:\activator-dist-1.3.10\repository\com.typesafe.netty\netty-http-pipelining\1.1.4\jars\netty-http-pipelining.jar, C:\Users\zellerd\.ivy2\cache\com.typesafe.play\play-cache_2.10\jars\play-cache_2.10-2.4.6.jar, C:\activator-dist-1.3.10\repository\net.sf.ehcache\ehcache-core\2.6.11\jars\ehcache-core.jar, C:\Users\zellerd\.ivy2\cache\org.mindrot\jbcrypt\jars\jbcrypt-0.3m.jar, C:\Users\zellerd\.ivy2\cache\com.typesafe.play\play-mailer_2.10\jars\play-mailer_2.10-3.0.1.jar, C:\Users\zellerd\.ivy2\cache\org.apache.commons\commons-email\jars\commons-email-1.3.3.jar, C:\Users\zellerd\.ivy2\cache\javax.mail\mail\jars\mail-1.4.5.jar, C:\Users\zellerd\.ivy2\cache\javax.activation\activation\jars\activation-1.1.1.jar, C:\Users\zellerd\.ivy2\cache\mysql\mysql-connector-java\jars\mysql-connector-java-5.1.34.jar, C:\Users\zellerd\.ivy2\cache\com.typesafe.play\filters-helpers_2.10\jars\filters-helpers_2.10-2.4.6.jar),List((public/,C:\WebDev\git\PlayAuthenticate\target\web\public\main)),List(C:\Users\zellerd\.ivy2\cache\com.typesafe.play\play-omnidoc_2.10\jars\play-omnidoc_2.10-2.4.6.jar, C:\activator-dist-1.3.10\repository\org.scala-lang\scala-library\2.10.5\jars\scala-library.jar, C:\Users\zellerd\.ivy2\cache\com.typesafe.play\play-docs_2.10\jars\play-docs_2.10-2.4.6.jar, C:\Users\zellerd\.ivy2\cache\com.typesafe.play\play-netty-server_2.10\jars\play-netty-server_2.10-2.4.6.jar, C:\Users\zellerd\.ivy2\cache\com.typesafe.play\play-server_2.10\jars\play-server_2.10-2.4.6.jar, C:\Users\zellerd\.ivy2\cache\com.typesafe.play\play_2.10\jars\play_2.10-2.4.6.jar, C:\Users\zellerd\.ivy2\cache\com.typesafe.play\build-link\jars\build-link-2.4.6.jar, C:\Users\zellerd\.ivy2\cache\com.typesafe.play\play-exceptions\jars\play-exceptions-2.4.6.jar, C:\activator-dist-1.3.10\repository\org.javassist\javassist\3.19.0-GA\bundles\javassist.jar, C:\Users\zellerd\.ivy2\cache\com.typesafe.play\play-iteratees_2.10\jars\play-iteratees_2.10-2.4.6.jar, C:\activator-dist-1.3.10\repository\org.scala-stm\scala-stm_2.10\0.7\jars\scala-stm_2.10.jar, C:\activator-dist-1.3.10\repository\com.typesafe\config\1.3.0\bundles\config.jar, C:\Users\zellerd\.ivy2\cache\com.typesafe.play\play-json_2.10\jars\play-json_2.10-2.4.6.jar, C:\Users\zellerd\.ivy2\cache\com.typesafe.play\play-functional_2.10\jars\play-functional_2.10-2.4.6.jar, C:\Users\zellerd\.ivy2\cache\com.typesafe.play\play-datacommons_2.10\jars\play-datacommons_2.10-2.4.6.jar, C:\activator-dist-1.3.10\repository\joda-time\joda-time\2.8.1\jars\joda-time.jar, C:\activator-dist-1.3.10\repository\org.joda\joda-convert\1.7\jars\joda-convert.jar, C:\activator-dist-1.3.10\repository\org.scala-lang\scala-reflect\2.10.5\jars\scala-reflect.jar, C:\activator-dist-1.3.10\repository\com.fasterxml.jackson.core\jackson-core\2.5.4\bundles\jackson-core.jar, C:\activator-dist-1.3.10\repository\com.fasterxml.jackson.core\jackson-annotations\2.5.4\bundles\jackson-annotations.jar, C:\activator-dist-1.3.10\repository\com.fasterxml.jackson.core\jackson-databind\2.5.4\bundles\jackson-databind.jar, C:\activator-dist-1.3.10\repository\com.fasterxml.jackson.datatype\jackson-datatype-jdk8\2.5.4\bundles\jackson-datatype-jdk8.jar, C:\activator-dist-1.3.10\repository\com.fasterxml.jackson.datatype\jackson-datatype-jsr310\2.5.4\bundles\jackson-datatype-jsr310.jar, C:\Users\zellerd\.ivy2\cache\com.typesafe.play\play-netty-utils\jars\play-netty-utils-2.4.6.jar, C:\activator-dist-1.3.10\repository\org.slf4j\slf4j-api\1.7.12\jars\slf4j-api.jar, C:\activator-dist-1.3.10\repository\org.slf4j\jul-to-slf4j\1.7.12\jars\jul-to-slf4j.jar, C:\activator-dist-1.3.10\repository\org.slf4j\jcl-over-slf4j\1.7.12\jars\jcl-over-slf4j.jar, C:\activator-dist-1.3.10\repository\com.typesafe.play\twirl-api_2.10\1.1.1\jars\twirl-api_2.10.jar, C:\activator-dist-1.3.10\repository\org.apache.commons\commons-lang3\3.4\jars\commons-lang3.jar, C:\activator-dist-1.3.10\repository\ch.qos.logback\logback-core\1.1.3\jars\logback-core.jar, C:\activator-dist-1.3.10\repository\ch.qos.logback\logback-classic\1.1.3\jars\logback-classic.jar, C:\Users\zellerd\.ivy2\cache\com.typesafe.akka\akka-actor_2.10\jars\akka-actor_2.10-2.3.13.jar, C:\Users\zellerd\.ivy2\cache\com.typesafe.akka\akka-slf4j_2.10\jars\akka-slf4j_2.10-2.3.13.jar, C:\activator-dist-1.3.10\repository\commons-codec\commons-codec\1.10\jars\commons-codec.jar, C:\Users\zellerd\.ivy2\cache\xerces\xercesImpl\jars\xercesImpl-2.11.0.jar, C:\Users\zellerd\.ivy2\cache\xml-apis\xml-apis\jars\xml-apis-1.4.01.jar, C:\Users\zellerd\.ivy2\cache\javax.transaction\jta\jars\jta-1.1.jar, C:\activator-dist-1.3.10\repository\com.google.inject\guice\4.0\jars\guice.jar, C:\activator-dist-1.3.10\repository\javax.inject\javax.inject\1\jars\javax.inject.jar, C:\activator-dist-1.3.10\repository\aopalliance\aopalliance\1.0\jars\aopalliance.jar, C:\Users\zellerd\.ivy2\cache\com.google.guava\guava\bundles\guava-16.0.1.jar, C:\activator-dist-1.3.10\repository\com.google.inject.extensions\guice-assistedinject\4.0\jars\guice-assistedinject.jar, C:\activator-dist-1.3.10\repository\io.netty\netty\3.10.4.Final\bundles\netty.jar, C:\activator-dist-1.3.10\repository\com.typesafe.netty\netty-http-pipelining\1.1.4\jars\netty-http-pipelining.jar, C:\Users\zellerd\.ivy2\cache\com.typesafe.play\play-doc_2.10\jars\play-doc_2.10-1.2.2.jar, C:\activator-dist-1.3.10\repository\org.pegdown\pegdown\1.4.0\jars\pegdown.jar, C:\activator-dist-1.3.10\repository\org.parboiled\parboiled-java\1.1.5\bundles\parboiled-java.jar, C:\activator-dist-1.3.10\repository\org.parboiled\parboiled-core\1.1.5\bundles\parboiled-core.jar, C:\activator-dist-1.3.10\repository\org.ow2.asm\asm\4.1\jars\asm.jar, C:\activator-dist-1.3.10\repository\org.ow2.asm\asm-tree\4.1\jars\asm-tree.jar, C:\activator-dist-1.3.10\repository\org.ow2.asm\asm-analysis\4.1\jars\asm-analysis.jar, C:\activator-dist-1.3.10\repository\org.ow2.asm\asm-util\4.1\jars\asm-util.jar, C:\activator-dist-1.3.10\repository\commons-io\commons-io\2.4\jars\commons-io.jar),Some(C:\Users\zellerd\.ivy2\cache\com.typesafe.play\play-omnidoc_2.10\jars\play-omnidoc_2.10-2.4.6.jar),List(),9000,0.0.0.0,DefaultWatchService,List(C:\WebDev\git\PlayAuthenticate\public, C:\WebDev\git\PlayAuthenticate\conf, C:\WebDev\git\PlayAuthenticate\app),C:\WebDev\git\PlayAuthenticate\target,500,root/playForkNotifyStart,root/playForkReload,300000,play.core.server.DevServerStart),scala.pickling.PicklerUnpickler$DelegatingPicklerUnpickler@7b34aae4),ForkConfig(C:\WebDev\git\PlayAuthenticate,List(),List(C:\activator-dist-1.3.10\repository\org.scala-lang\scala-library\2.10.5\jars\scala-library.jar, C:\activator-dist-1.3.10\repository\com.typesafe.play\play-enhancer\1.1.0\jars\play-enhancer.jar, C:\activator-dist-1.3.10\repository\com.typesafe.play\twirl-api_2.10\1.1.1\jars\twirl-api_2.10.jar, C:\activator-dist-1.3.10\repository\org.apache.commons\commons-lang3\3.4\jars\commons-lang3.jar, C:\Users\zellerd\.ivy2\cache\com.typesafe.play\play-ebean_2.10\jars\play-ebean_2.10-1.0.0.jar, C:\Users\zellerd\.ivy2\cache\com.typesafe.play\play-java-jdbc_2.10\jars\play-java-jdbc_2.10-2.4.0.jar, C:\Users\zellerd\.ivy2\cache\com.typesafe.play\play-jdbc_2.10\jars\play-jdbc_2.10-2.4.6.jar, C:\Users\zellerd\.ivy2\cache\com.typesafe.play\play-jdbc-api_2.10\jars\play-jdbc-api_2.10-2.4.6.jar, C:\Users\zellerd\.ivy2\cache\com.typesafe.play\play_2.10\jars\play_2.10-2.4.6.jar, C:\Users\zellerd\.ivy2\cache\com.typesafe.play\build-link\jars\build-link-2.4.6.jar, C:\Users\zellerd\.ivy2\cache\com.typesafe.play\play-exceptions\jars\play-exceptions-2.4.6.jar, C:\activator-dist-1.3.10\repository\org.javassist\javassist\3.19.0-GA\bundles\javassist.jar, C:\Users\zellerd\.ivy2\cache\com.typesafe.play\play-iteratees_2.10\jars\play-iteratees_2.10-2.4.6.jar, C:\activator-dist-1.3.10\repository\org.scala-stm\scala-stm_2.10\0.7\jars\scala-stm_2.10.jar, C:\activator-dist-1.3.10\repository\com.typesafe\config\1.3.0\bundles\config.jar, C:\Users\zellerd\.ivy2\cache\com.typesafe.play\play-json_2.10\jars\play-json_2.10-2.4.6.jar, C:\Users\zellerd\.ivy2\cache\com.typesafe.play\play-functional_2.10\jars\play-functional_2.10-2.4.6.jar, C:\Users\zellerd\.ivy2\cache\com.typesafe.play\play-datacommons_2.10\jars\play-datacommons_2.10-2.4.6.jar, C:\activator-dist-1.3.10\repository\joda-time\joda-time\2.8.1\jars\joda-time.jar, C:\activator-dist-1.3.10\repository\org.joda\joda-convert\1.7\jars\joda-convert.jar, C:\activator-dist-1.3.10\repository\org.scala-lang\scala-reflect\2.10.5\jars\scala-reflect.jar, C:\activator-dist-1.3.10\repository\com.fasterxml.jackson.core\jackson-core\2.5.4\bundles\jackson-core.jar, C:\activator-dist-1.3.10\repository\com.fasterxml.jackson.core\jackson-annotations\2.5.4\bundles\jackson-annotations.jar, C:\activator-dist-1.3.10\repository\com.fasterxml.jackson.core\jackson-databind\2.5.4\bundles\jackson-databind.jar, C:\activator-dist-1.3.10\repository\com.fasterxml.jackson.datatype\jackson-datatype-jdk8\2.5.4\bundles\jackson-datatype-jdk8.jar, C:\activator-dist-1.3.10\repository\com.fasterxml.jackson.datatype\jackson-datatype-jsr310\2.5.4\bundles\jackson-datatype-jsr310.jar, C:\Users\zellerd\.ivy2\cache\com.typesafe.play\play-netty-utils\jars\play-netty-utils-2.4.6.jar, C:\activator-dist-1.3.10\repository\org.slf4j\slf4j-api\1.7.12\jars\slf4j-api.jar, C:\activator-dist-1.3.10\repository\org.slf4j\jul-to-slf4j\1.7.12\jars\jul-to-slf4j.jar, C:\activator-dist-1.3.10\repository\org.slf4j\jcl-over-slf4j\1.7.12\jars\jcl-over-slf4j.jar, C:\activator-dist-1.3.10\repository\ch.qos.logback\logback-core\1.1.3\jars\logback-core.jar, C:\activator-dist-1.3.10\repository\ch.qos.logback\logback-classic\1.1.3\jars\logback-classic.jar, C:\Users\zellerd\.ivy2\cache\com.typesafe.akka\akka-actor_2.10\jars\akka-actor_2.10-2.3.13.jar, C:\Users\zellerd\.ivy2\cache\com.typesafe.akka\akka-slf4j_2.10\jars\akka-slf4j_2.10-2.3.13.jar, C:\activator-dist-1.3.10\repository\commons-codec\commons-codec\1.10\jars\commons-codec.jar, C:\Users\zellerd\.ivy2\cache\xerces\xercesImpl\jars\xercesImpl-2.11.0.jar, C:\Users\zellerd\.ivy2\cache\xml-apis\xml-apis\jars\xml-apis-1.4.01.jar, C:\Users\zellerd\.ivy2\cache\javax.transaction\jta\jars\jta-1.1.jar, C:\activator-dist-1.3.10\repository\com.google.inject\guice\4.0\jars\guice.jar, C:\activator-dist-1.3.10\repository\javax.inject\javax.inject\1\jars\javax.inject.jar, C:\activator-dist-1.3.10\repository\aopalliance\aopalliance\1.0\jars\aopalliance.jar, C:\activator-dist-1.3.10\repository\com.google.inject.extensions\guice-assistedinject\4.0\jars\guice-assistedinject.jar, C:\activator-dist-1.3.10\repository\com.jolbox\bonecp\0.8.0.RELEASE\bundles\bonecp.jar, C:\activator-dist-1.3.10\repository\com.zaxxer\HikariCP\2.3.7\bundles\HikariCP.jar, C:\activator-dist-1.3.10\repository\com.h2database\h2\1.4.187\jars\h2.jar, C:\activator-dist-1.3.10\repository\tyrex\tyrex\1.0.1\jars\tyrex.jar, C:\Users\zellerd\.ivy2\cache\com.typesafe.play\play-java_2.10\jars\play-java_2.10-2.4.6.jar, C:\Users\zellerd\.ivy2\cache\org.scala-lang.modules\scala-java8-compat_2.10\bundles\scala-java8-compat_2.10-0.3.0.jar, C:\activator-dist-1.3.10\repository\org.yaml\snakeyaml\1.15\bundles\snakeyaml.jar, C:\activator-dist-1.3.10\repository\org.hibernate\hibernate-validator\5.0.3.Final\jars\hibernate-validator.jar, C:\activator-dist-1.3.10\repository\javax.validation\validation-api\1.1.0.Final\jars\validation-api.jar, C:\activator-dist-1.3.10\repository\com.fasterxml\classmate\1.0.0\bundles\classmate.jar, C:\activator-dist-1.3.10\repository\org.jboss.logging\jboss-logging\3.2.1.Final\jars\jboss-logging.jar, C:\activator-dist-1.3.10\repository\org.springframework\spring-context\4.1.6.RELEASE\jars\spring-context.jar, C:\activator-dist-1.3.10\repository\org.springframework\spring-core\4.1.6.RELEASE\jars\spring-core.jar, C:\activator-dist-1.3.10\repository\org.springframework\spring-beans\4.1.6.RELEASE\jars\spring-beans.jar, C:\activator-dist-1.3.10\repository\org.reflections\reflections\0.9.9\jars\reflections.jar, C:\activator-dist-1.3.10\repository\net.jodah\typetools\0.4.3\bundles\typetools.jar, C:\activator-dist-1.3.10\repository\com.google.guava\guava\18.0\bundles\guava.jar, C:\activator-dist-1.3.10\repository\com.google.code.findbugs\jsr305\2.0.3\jars\jsr305.jar, C:\activator-dist-1.3.10\repository\org.apache.tomcat\tomcat-servlet-api\8.0.21\jars\tomcat-servlet-api.jar, C:\Users\zellerd\.ivy2\cache\com.typesafe.play\play-jdbc-evolutions_2.10\jars\play-jdbc-evolutions_2.10-2.4.0.jar, C:\Users\zellerd\.ivy2\cache\org.avaje.ebeanorm\avaje-ebeanorm\jars\avaje-ebeanorm-4.6.2.jar, C:\Users\zellerd\.ivy2\cache\javax.persistence\persistence-api\jars\persistence-api-1.0.jar, C:\Users\zellerd\.ivy2\cache\org.avaje.ebeanorm\avaje-ebeanorm-agent\jars\avaje-ebeanorm-agent-4.5.3.jar, C:\Users\zellerd\.ivy2\cache\com.typesafe.play\play-server_2.10\jars\play-server_2.10-2.4.6.jar, C:\Users\zellerd\.ivy2\cache\com.typesafe.play\play-netty-server_2.10\jars\play-netty-server_2.10-2.4.6.jar, C:\activator-dist-1.3.10\repository\io.netty\netty\3.10.4.Final\bundles\netty.jar, C:\activator-dist-1.3.10\repository\com.typesafe.netty\netty-http-pipelining\1.1.4\jars\netty-http-pipelining.jar, C:\Users\zellerd\.ivy2\cache\com.typesafe.play\play-cache_2.10\jars\play-cache_2.10-2.4.6.jar, C:\activator-dist-1.3.10\repository\net.sf.ehcache\ehcache-core\2.6.11\jars\ehcache-core.jar, C:\Users\zellerd\.ivy2\cache\org.mindrot\jbcrypt\jars\jbcrypt-0.3m.jar, C:\Users\zellerd\.ivy2\cache\com.typesafe.play\play-mailer_2.10\jars\play-mailer_2.10-3.0.1.jar, C:\Users\zellerd\.ivy2\cache\org.apache.commons\commons-email\jars\commons-email-1.3.3.jar, C:\Users\zellerd\.ivy2\cache\javax.mail\mail\jars\mail-1.4.5.jar, C:\Users\zellerd\.ivy2\cache\javax.activation\activation\jars\activation-1.1.1.jar, C:\Users\zellerd\.ivy2\cache\mysql\mysql-connector-java\jars\mysql-connector-java-5.1.34.jar, C:\Users\zellerd\.ivy2\cache\com.typesafe.play\filters-helpers_2.10\jars\filters-helpers_2.10-2.4.6.jar),List((public/,C:\WebDev\git\PlayAuthenticate\target\web\public\main)),List(C:\Users\zellerd\.ivy2\cache\com.typesafe.play\play-omnidoc_2.10\jars\play-omnidoc_2.10-2.4.6.jar, C:\activator-dist-1.3.10\repository\org.scala-lang\scala-library\2.10.5\jars\scala-library.jar, C:\Users\zellerd\.ivy2\cache\com.typesafe.play\play-docs_2.10\jars\play-docs_2.10-2.4.6.jar, C:\Users\zellerd\.ivy2\cache\com.typesafe.play\play-netty-server_2.10\jars\play-netty-server_2.10-2.4.6.jar, C:\Users\zellerd\.ivy2\cache\com.typesafe.play\play-server_2.10\jars\play-server_2.10-2.4.6.jar, C:\Users\zellerd\.ivy2\cache\com.typesafe.play\play_2.10\jars\play_2.10-2.4.6.jar, C:\Users\zellerd\.ivy2\cache\com.typesafe.play\build-link\jars\build-link-2.4.6.jar, C:\Users\zellerd\.ivy2\cache\com.typesafe.play\play-exceptions\jars\play-exceptions-2.4.6.jar, C:\activator-dist-1.3.10\repository\org.javassist\javassist\3.19.0-GA\bundles\javassist.jar, C:\Users\zellerd\.ivy2\cache\com.typesafe.play\play-iteratees_2.10\jars\play-iteratees_2.10-2.4.6.jar, C:\activator-dist-1.3.10\repository\org.scala-stm\scala-stm_2.10\0.7\jars\scala-stm_2.10.jar, C:\activator-dist-1.3.10\repository\com.typesafe\config\1.3.0\bundles\config.jar, C:\Users\zellerd\.ivy2\cache\com.typesafe.play\play-json_2.10\jars\play-json_2.10-2.4.6.jar, C:\Users\zellerd\.ivy2\cache\com.typesafe.play\play-functional_2.10\jars\play-functional_2.10-2.4.6.jar, C:\Users\zellerd\.ivy2\cache\com.typesafe.play\play-datacommons_2.10\jars\play-datacommons_2.10-2.4.6.jar, C:\activator-dist-1.3.10\repository\joda-time\joda-time\2.8.1\jars\joda-time.jar, C:\activator-dist-1.3.10\repository\org.joda\joda-convert\1.7\jars\joda-convert.jar, C:\activator-dist-1.3.10\repository\org.scala-lang\scala-reflect\2.10.5\jars\scala-reflect.jar, C:\activator-dist-1.3.10\repository\com.fasterxml.jackson.core\jackson-core\2.5.4\bundles\jackson-core.jar, C:\activator-dist-1.3.10\repository\com.fasterxml.jackson.core\jackson-annotations\2.5.4\bundles\jackson-annotations.jar, C:\activator-dist-1.3.10\repository\com.fasterxml.jackson.core\jackson-databind\2.5.4\bundles\jackson-databind.jar, C:\activator-dist-1.3.10\repository\com.fasterxml.jackson.datatype\jackson-datatype-jdk8\2.5.4\bundles\jackson-datatype-jdk8.jar, C:\activator-dist-1.3.10\repository\com.fasterxml.jackson.datatype\jackson-datatype-jsr310\2.5.4\bundles\jackson-datatype-jsr310.jar, C:\Users\zellerd\.ivy2\cache\com.typesafe.play\play-netty-utils\jars\play-netty-utils-2.4.6.jar, C:\activator-dist-1.3.10\repository\org.slf4j\slf4j-api\1.7.12\jars\slf4j-api.jar, C:\activator-dist-1.3.10\repository\org.slf4j\jul-to-slf4j\1.7.12\jars\jul-to-slf4j.jar, C:\activator-dist-1.3.10\repository\org.slf4j\jcl-over-slf4j\1.7.12\jars\jcl-over-slf4j.jar, C:\activator-dist-1.3.10\repository\com.typesafe.play\twirl-api_2.10\1.1.1\jars\twirl-api_2.10.jar, C:\activator-dist-1.3.10\repository\org.apache.commons\commons-lang3\3.4\jars\commons-lang3.jar, C:\activator-dist-1.3.10\repository\ch.qos.logback\logback-core\1.1.3\jars\logback-core.jar, C:\activator-dist-1.3.10\repository\ch.qos.logback\logback-classic\1.1.3\jars\logback-classic.jar, C:\Users\zellerd\.ivy2\cache\com.typesafe.akka\akka-actor_2.10\jars\akka-actor_2.10-2.3.13.jar, C:\Users\zellerd\.ivy2\cache\com.typesafe.akka\akka-slf4j_2.10\jars\akka-slf4j_2.10-2.3.13.jar, C:\activator-dist-1.3.10\repository\commons-codec\commons-codec\1.10\jars\commons-codec.jar, C:\Users\zellerd\.ivy2\cache\xerces\xercesImpl\jars\xercesImpl-2.11.0.jar, C:\Users\zellerd\.ivy2\cache\xml-apis\xml-apis\jars\xml-apis-1.4.01.jar, C:\Users\zellerd\.ivy2\cache\javax.transaction\jta\jars\jta-1.1.jar, C:\activator-dist-1.3.10\repository\com.google.inject\guice\4.0\jars\guice.jar, C:\activator-dist-1.3.10\repository\javax.inject\javax.inject\1\jars\javax.inject.jar, C:\activator-dist-1.3.10\repository\aopalliance\aopalliance\1.0\jars\aopalliance.jar, C:\Users\zellerd\.ivy2\cache\com.google.guava\guava\bundles\guava-16.0.1.jar, C:\activator-dist-1.3.10\repository\com.google.inject.extensions\guice-assistedinject\4.0\jars\guice-assistedinject.jar, C:\activator-dist-1.3.10\repository\io.netty\netty\3.10.4.Final\bundles\netty.jar, C:\activator-dist-1.3.10\repository\com.typesafe.netty\netty-http-pipelining\1.1.4\jars\netty-http-pipelining.jar, C:\Users\zellerd\.ivy2\cache\com.typesafe.play\play-doc_2.10\jars\play-doc_2.10-1.2.2.jar, C:\activator-dist-1.3.10\repository\org.pegdown\pegdown\1.4.0\jars\pegdown.jar, C:\activator-dist-1.3.10\repository\org.parboiled\parboiled-java\1.1.5\bundles\parboiled-java.jar, C:\activator-dist-1.3.10\repository\org.parboiled\parboiled-core\1.1.5\bundles\parboiled-core.jar, C:\activator-dist-1.3.10\repository\org.ow2.asm\asm\4.1\jars\asm.jar, C:\activator-dist-1.3.10\repository\org.ow2.asm\asm-tree\4.1\jars\asm-tree.jar, C:\activator-dist-1.3.10\repository\org.ow2.asm\asm-analysis\4.1\jars\asm-analysis.jar, C:\activator-dist-1.3.10\repository\org.ow2.asm\asm-util\4.1\jars\asm-util.jar, C:\activator-dist-1.3.10\repository\commons-io\commons-io\2.4\jars\commons-io.jar),Some(C:\Users\zellerd\.ivy2\cache\com.typesafe.play\play-omnidoc_2.10\jars\play-omnidoc_2.10-2.4.6.jar),List(),9000,0.0.0.0,DefaultWatchService,List(C:\WebDev\git\PlayAuthenticate\public, C:\WebDev\git\PlayAuthenticate\conf, C:\WebDev\git\PlayAuthenticate\app),C:\WebDev\git\PlayAuthenticate\target,500,root/playForkNotifyStart,root/playForkReload,300000,play.core.server.DevServerStart))))
Sending msg to client play-fork-run-496ac84e-8848-4550-a211-3036bbdb80b6: TaskStarted(22,2928,None)
Sending msg to client play-fork-run-496ac84e-8848-4550-a211-3036bbdb80b6: BackgroundJobLogEvent(2,LogMessage(info,))
Sending msg to client play-fork-run-496ac84e-8848-4550-a211-3036bbdb80b6: TaskFinished(22,2928,None,true,None)
Sending msg to client play-fork-run-496ac84e-8848-4550-a211-3036bbdb80b6: TaskStarted(22,2927,None)
Sending msg to client play-fork-run-496ac84e-8848-4550-a211-3036bbdb80b6: TaskFinished(22,2927,None,true,None)
Sending msg to client play-fork-run-496ac84e-8848-4550-a211-3036bbdb80b6: DetachedLogEvent(LogMessage(debug,cancel strategy finish enabled=false lastCommand=Some(LastCommand(CommandExecutionWork(ExecutionId(22),{file:/C:/WebDev/git/PlayAuthenticate/}root/*:playForkConfig,Set(LiveClient(play-fork-run 496ac84e-8848-4550-a211-3036bbdb80b6)),sbt.server.WorkCancellationStatus$$anon$1@790491cb)))))
Sending msg to client play-fork-run-496ac84e-8848-4550-a211-3036bbdb80b6: DetachedLogEvent(LogSuccess(Total time: 1 s, completed Oct 17, 2016 10:27:56 AM))
Sending msg to client play-fork-run-496ac84e-8848-4550-a211-3036bbdb80b6: DetachedLogEvent(LogMessage(debug,> server-post-command-cleanup))
Sending msg to client play-fork-run-496ac84e-8848-4550-a211-3036bbdb80b6: ExecutionSuccess(22)
Sending msg to client play-fork-run-496ac84e-8848-4550-a211-3036bbdb80b6: DetachedLogEvent(LogMessage(debug,> server-handle-next-server-request))
Sending msg to client play-fork-run-496ac84e-8848-4550-a211-3036bbdb80b6: BackgroundJobLogEvent(2,LogMessage(info,--- (Running the application, auto-reloading is enabled) ---))
Sending msg to client play-fork-run-496ac84e-8848-4550-a211-3036bbdb80b6: BackgroundJobLogEvent(2,LogMessage(info,))
Sending msg to client play-fork-run-496ac84e-8848-4550-a211-3036bbdb80b6: BackgroundJobLogEvent(2,LogMessage(info,p.c.s.NettyServer - Listening for HTTP on /0:0:0:0:0:0:0:0:9000))
Sending msg to client play-fork-run-496ac84e-8848-4550-a211-3036bbdb80b6: BackgroundJobLogEvent(2,LogMessage(info,))
Sending msg to client play-fork-run-496ac84e-8848-4550-a211-3036bbdb80b6: BackgroundJobLogEvent(2,LogMessage(info,(Server started, use Ctrl+D to stop and go back to the console...)))
Sending msg to client play-fork-run-496ac84e-8848-4550-a211-3036bbdb80b6: BackgroundJobLogEvent(2,LogMessage(info,))
Got request: ExecutionRequest(root/playForkNotifyStart http://localhost:9000)
Reading next message from client.
Sending msg to client play-fork-run-496ac84e-8848-4550-a211-3036bbdb80b6: (8,ExecutionRequestReceived(23))
Sending msg to client play-fork-run-496ac84e-8848-4550-a211-3036bbdb80b6: ExecutionWaiting(23,root/playForkNotifyStart http://localhost:9000,ClientInfo(496ac84e-8848-4550-a211-3036bbdb80b6,play-fork-run,Play Fork Run,1,Vector()))
Sending msg to client play-fork-run-496ac84e-8848-4550-a211-3036bbdb80b6: ExecutionStarting(23)
Sending msg to client play-fork-run-496ac84e-8848-4550-a211-3036bbdb80b6: DetachedLogEvent(LogMessage(debug,> root/playForkNotifyStart http://localhost:9000))
Sending msg to client play-fork-run-496ac84e-8848-4550-a211-3036bbdb80b6: DetachedLogEvent(LogMessage(debug,Evaluating tasks: *:playForkNotifyStart))
Sending msg to client play-fork-run-496ac84e-8848-4550-a211-3036bbdb80b6: DetachedLogEvent(LogMessage(debug,Running task... Cancel: sbt.server.ServerTaskCancellation@363ed2d0, check cycles: false))
Sending msg to client play-fork-run-496ac84e-8848-4550-a211-3036bbdb80b6: DetachedLogEvent(LogMessage(debug,cancel strategy start enabled=true lastCommand=Some(LastCommand(CommandExecutionWork(ExecutionId(23),root/playForkNotifyStart http://localhost:9000,Set(LiveClient(play-fork-run 496ac84e-8848-4550-a211-3036bbdb80b6)),sbt.server.WorkCancellationStatus$$anon$1@6c07ba88)))))
Sending msg to client play-fork-run-496ac84e-8848-4550-a211-3036bbdb80b6: TaskStarted(23,3005,Some(AttributeKey[sbt.SendEventService]("sendEventService") in Scope(Global)))
Sending msg to client play-fork-run-496ac84e-8848-4550-a211-3036bbdb80b6: TaskFinished(23,3005,Some(AttributeKey[sbt.SendEventService]("sendEventService") in Scope(Global)),true,None)
Sending msg to client play-fork-run-496ac84e-8848-4550-a211-3036bbdb80b6: TaskStarted(23,3004,Some(AttributeKey[scala.Function1[java.lang.String,void]]("playForkStarted") in Scope(Build: file:/C:/WebDev/git/PlayAuthenticate/, , Project: ProjectReference(file:/C:/WebDev/git/PlayAuthenticate/,root))))
Sending msg to client play-fork-run-496ac84e-8848-4550-a211-3036bbdb80b6: TaskFinished(23,3004,Some(AttributeKey[scala.Function1[java.lang.String,void]]("playForkStarted") in Scope(Build: file:/C:/WebDev/git/PlayAuthenticate/, , Project: ProjectReference(file:/C:/WebDev/git/PlayAuthenticate/,root))),true,None)
Sending msg to client play-fork-run-496ac84e-8848-4550-a211-3036bbdb80b6: TaskStarted(23,3003,Some(AttributeKey[void]("playForkNotifyStart") in Scope(Build: file:/C:/WebDev/git/PlayAuthenticate/, , Project: ProjectReference(file:/C:/WebDev/git/PlayAuthenticate/,root))))
Sending msg to client play-fork-run-496ac84e-8848-4550-a211-3036bbdb80b6: TaskEvent(3003,LazyValue(PlayServerStarted(http://localhost:9000),play.forkrun.protocol.Serializers$PlayForkrunProtocolPlayServerStartedPickler1$2$@571e1b45))
Sending msg to client play-fork-run-496ac84e-8848-4550-a211-3036bbdb80b6: TaskFinished(23,3003,Some(AttributeKey[void]("playForkNotifyStart") in Scope(Build: file:/C:/WebDev/git/PlayAuthenticate/, , Project: ProjectReference(file:/C:/WebDev/git/PlayAuthenticate/,root))),true,None)
Sending msg to client play-fork-run-496ac84e-8848-4550-a211-3036bbdb80b6: TaskStarted(23,3002,None)
Sending msg to client play-fork-run-496ac84e-8848-4550-a211-3036bbdb80b6: TaskFinished(23,3002,None,true,None)
Sending msg to client play-fork-run-496ac84e-8848-4550-a211-3036bbdb80b6: TaskStarted(23,3001,None)
Sending msg to client play-fork-run-496ac84e-8848-4550-a211-3036bbdb80b6: TaskFinished(23,3001,None,true,None)
Sending msg to client play-fork-run-496ac84e-8848-4550-a211-3036bbdb80b6: DetachedLogEvent(LogMessage(debug,cancel strategy finish enabled=false lastCommand=Some(LastCommand(CommandExecutionWork(ExecutionId(23),root/playForkNotifyStart http://localhost:9000,Set(LiveClient(play-fork-run 496ac84e-8848-4550-a211-3036bbdb80b6)),sbt.server.WorkCancellationStatus$$anon$1@6c07ba88)))))
Sending msg to client play-fork-run-496ac84e-8848-4550-a211-3036bbdb80b6: DetachedLogEvent(LogSuccess(Total time: 0 s, completed Oct 17, 2016 10:27:58 AM))
Sending msg to client play-fork-run-496ac84e-8848-4550-a211-3036bbdb80b6: DetachedLogEvent(LogMessage(debug,> server-post-command-cleanup))
Sending msg to client play-fork-run-496ac84e-8848-4550-a211-3036bbdb80b6: ExecutionSuccess(23)
Sending msg to client play-fork-run-496ac84e-8848-4550-a211-3036bbdb80b6: DetachedLogEvent(LogMessage(debug,> server-handle-next-server-request))
Sending msg to client play-fork-run-496ac84e-8848-4550-a211-3036bbdb80b6: BackgroundJobLogEvent(1,LogMessage(info,JVM exiting, shutting down Play fork run ...))
Sending msg to client play-fork-run-496ac84e-8848-4550-a211-3036bbdb80b6: BackgroundJobLogEvent(1,LogMessage(info,Play fork run already stopped ...))
Sending msg to client play-fork-run-496ac84e-8848-4550-a211-3036bbdb80b6: BackgroundJobLogEvent(1,LogMessage(info,Forked Play process exited with status: 0))
Sending msg to client play-fork-run-496ac84e-8848-4550-a211-3036bbdb80b6: BackgroundJobFinished(6,1)
Sending msg to client play-fork-run-496ac84e-8848-4550-a211-3036bbdb80b6: ExecutionWaiting(24,jobStop 2,ClientInfo(12398eea-af1d-46a3-970a-b72b1efcb548,activator,Activator,3,Vector()))
Sending msg to client play-fork-run-496ac84e-8848-4550-a211-3036bbdb80b6: ExecutionStarting(24)
Sending msg to client play-fork-run-496ac84e-8848-4550-a211-3036bbdb80b6: DetachedLogEvent(LogMessage(debug,> jobStop 2))
Sending msg to client play-fork-run-496ac84e-8848-4550-a211-3036bbdb80b6: DetachedLogEvent(LogMessage(debug,Evaluating tasks: *:jobStop))
Sending msg to client play-fork-run-496ac84e-8848-4550-a211-3036bbdb80b6: DetachedLogEvent(LogMessage(debug,Running task... Cancel: sbt.server.ServerTaskCancellation@5b3ebed5, check cycles: false))
Sending msg to client play-fork-run-496ac84e-8848-4550-a211-3036bbdb80b6: DetachedLogEvent(LogMessage(debug,cancel strategy start enabled=true lastCommand=Some(LastCommand(CommandExecutionWork(ExecutionId(24),jobStop 2,Set(LiveClient(activator 12398eea-af1d-46a3-970a-b72b1efcb548)),sbt.server.WorkCancellationStatus$$anon$1@e32b6fe)))))
Sending msg to client play-fork-run-496ac84e-8848-4550-a211-3036bbdb80b6: TaskStarted(24,3008,Some(AttributeKey[void]("jobStop") in Scope(Global)))
Sending msg to client play-fork-run-496ac84e-8848-4550-a211-3036bbdb80b6: TaskFinished(24,3008,Some(AttributeKey[void]("jobStop") in Scope(Global)),true,None)
Sending msg to client play-fork-run-496ac84e-8848-4550-a211-3036bbdb80b6: TaskStarted(24,3007,None)
Sending msg to client play-fork-run-496ac84e-8848-4550-a211-3036bbdb80b6: BackgroundJobLogEvent(2,LogMessage(info,Stopping Play fork run ...))
Sending msg to client play-fork-run-496ac84e-8848-4550-a211-3036bbdb80b6: TaskFinished(24,3007,None,true,None)
Sending msg to client play-fork-run-496ac84e-8848-4550-a211-3036bbdb80b6: TaskStarted(24,3006,None)
Sending msg to client play-fork-run-496ac84e-8848-4550-a211-3036bbdb80b6: TaskFinished(24,3006,None,true,None)
Sending msg to client play-fork-run-496ac84e-8848-4550-a211-3036bbdb80b6: DetachedLogEvent(LogMessage(debug,cancel strategy finish enabled=false lastCommand=Some(LastCommand(CommandExecutionWork(ExecutionId(24),jobStop 2,Set(LiveClient(activator 12398eea-af1d-46a3-970a-b72b1efcb548)),sbt.server.WorkCancellationStatus$$anon$1@e32b6fe)))))
Sending msg to client play-fork-run-496ac84e-8848-4550-a211-3036bbdb80b6: DetachedLogEvent(LogSuccess(Total time: 0 s, completed Oct 17, 2016 10:30:10 AM))
Sending msg to client play-fork-run-496ac84e-8848-4550-a211-3036bbdb80b6: DetachedLogEvent(LogMessage(debug,> server-post-command-cleanup))
Sending msg to client play-fork-run-496ac84e-8848-4550-a211-3036bbdb80b6: ExecutionSuccess(24)
Sending msg to client play-fork-run-496ac84e-8848-4550-a211-3036bbdb80b6: DetachedLogEvent(LogMessage(debug,> server-handle-next-server-request))
Got request: UnlistenToEvents()
Reading next message from client.
Sending msg to client play-fork-run-496ac84e-8848-4550-a211-3036bbdb80b6: (9,ReceivedResponse())
Got request: UnlistenToValue(AttributeKey[play.forkrun.protocol.ForkConfig]("playForkConfig") in Scope(Build: file:/C:/WebDev/git/PlayAuthenticate/, , Project: ProjectReference(file:/C:/WebDev/git/PlayAuthenticate/,root)))
Reading next message from client.
Client play-fork-run-496ac84e-8848-4550-a211-3036bbdb80b6 EOF, shutting down.
Stopping client.
Client play-fork-run-496ac84e-8848-4550-a211-3036bbdb80b6 thread exiting.
Dropping message (10,ReceivedResponse()) to dead client play-fork-run-496ac84e-8848-4550-a211-3036bbdb80b6
Dropping message (0,ReceivedResponse()) to dead client play-fork-run-496ac84e-8848-4550-a211-3036bbdb80b6
