2016-12-05 07:44:28,042 [INFO] from play.core.server.NettyServer in pool-10-thread-5 - Listening for HTTP on /0:0:0:0:0:0:0:0:9000
2016-12-05 07:44:49,752 [WARN] from application in ForkJoinPool-1-worker-1 - application.conf @ file:/C:/WebDev/git/PlayAuthenticate/target/scala-2.10/classes/application.conf: 31: user is deprecated, use username instead
2016-12-05 07:44:49,784 [INFO] from application in ForkJoinPool-1-worker-1 - Creating Pool for datasource 'default'
2016-12-05 07:44:50,604 [INFO] from play.api.db.DefaultDBApi in ForkJoinPool-1-worker-1 - Database [default] connected at jdbc:mysql://localhost/app?characterEncoding=UTF-8
2016-12-05 07:44:52,706 [ERROR] from application in ForkJoinPool-1-worker-1 - 
java.lang.RuntimeException: There is no HTTP Context available from here.
	at play.mvc.Http$Context.current(Http.java:57) ~[play_2.10-2.4.6.jar:2.4.6]
	at models.AuditLog.setLog(AuditLog.java:231) ~[classes/:na]
	at utils.ScheduleEmail.scheduleReminder(ScheduleEmail.java:72) ~[classes/:na]
	at Global.onStart(Global.java:12) [classes/:na]
	at play.core.j.JavaGlobalSettingsAdapter.onStart(JavaGlobalSettingsAdapter.scala:22) [play_2.10-2.4.6.jar:2.4.6]
	at play.api.GlobalPlugin.onStart(GlobalSettings.scala:271) [play_2.10-2.4.6.jar:2.4.6]
	at play.api.Play$$anonfun$start$1$$anonfun$apply$mcV$sp$1.apply(Play.scala:92) [play_2.10-2.4.6.jar:2.4.6]
	at play.api.Play$$anonfun$start$1$$anonfun$apply$mcV$sp$1.apply(Play.scala:92) [play_2.10-2.4.6.jar:2.4.6]
	at scala.collection.Iterator$class.foreach(Iterator.scala:727) [scala-library.jar:na]
	at scala.collection.AbstractIterator.foreach(Iterator.scala:1157) [scala-library.jar:na]
	at scala.collection.IterableLike$class.foreach(IterableLike.scala:72) [scala-library.jar:na]
	at play.api.Plugins.foreach(Plugins.scala:57) [play_2.10-2.4.6.jar:2.4.6]
	at play.api.Play$$anonfun$start$1.apply$mcV$sp(Play.scala:92) [play_2.10-2.4.6.jar:2.4.6]
	at play.api.Play$$anonfun$start$1.apply(Play.scala:87) [play_2.10-2.4.6.jar:2.4.6]
	at play.api.Play$$anonfun$start$1.apply(Play.scala:87) [play_2.10-2.4.6.jar:2.4.6]
	at play.utils.Threads$.withContextClassLoader(Threads.scala:21) [play_2.10-2.4.6.jar:2.4.6]
	at play.api.Play$.start(Play.scala:87) [play_2.10-2.4.6.jar:2.4.6]
	at play.core.server.DevServerStart$$anonfun$mainDev$1$$anon$1$$anonfun$get$1$$anonfun$apply$1$$anonfun$1.apply(DevServerStart.scala:156) [play-server_2.10-2.4.6.jar:2.4.6]
	at play.core.server.DevServerStart$$anonfun$mainDev$1$$anon$1$$anonfun$get$1$$anonfun$apply$1$$anonfun$1.apply(DevServerStart.scala:121) [play-server_2.10-2.4.6.jar:2.4.6]
	at scala.Option.map(Option.scala:145) [scala-library.jar:na]
	at play.core.server.DevServerStart$$anonfun$mainDev$1$$anon$1$$anonfun$get$1$$anonfun$apply$1.apply(DevServerStart.scala:121) [play-server_2.10-2.4.6.jar:2.4.6]
	at play.core.server.DevServerStart$$anonfun$mainDev$1$$anon$1$$anonfun$get$1$$anonfun$apply$1.apply(DevServerStart.scala:119) [play-server_2.10-2.4.6.jar:2.4.6]
	at scala.util.Success.flatMap(Try.scala:200) [scala-library.jar:na]
	at play.core.server.DevServerStart$$anonfun$mainDev$1$$anon$1$$anonfun$get$1.apply(DevServerStart.scala:119) [play-server_2.10-2.4.6.jar:2.4.6]
	at play.core.server.DevServerStart$$anonfun$mainDev$1$$anon$1$$anonfun$get$1.apply(DevServerStart.scala:111) [play-server_2.10-2.4.6.jar:2.4.6]
	at scala.concurrent.impl.Future$PromiseCompletingRunnable.liftedTree1$1(Future.scala:24) [scala-library.jar:na]
	at scala.concurrent.impl.Future$PromiseCompletingRunnable.run(Future.scala:24) [scala-library.jar:na]
	at java.util.concurrent.ForkJoinTask$RunnableExecuteAction.exec(ForkJoinTask.java:1402) [na:1.8.0_101]
	at java.util.concurrent.ForkJoinTask.doExec(ForkJoinTask.java:289) [na:1.8.0_101]
	at java.util.concurrent.ForkJoinPool$WorkQueue.runTask(ForkJoinPool.java:1056) [na:1.8.0_101]
	at java.util.concurrent.ForkJoinPool.runWorker(ForkJoinPool.java:1692) [na:1.8.0_101]
	at java.util.concurrent.ForkJoinWorkerThread.run(ForkJoinWorkerThread.java:157) [na:1.8.0_101]
2016-12-05 07:44:52,718 [INFO] from play.api.Play in ForkJoinPool-1-worker-1 - Application started (Dev)
2016-12-05 07:45:51,022 [INFO] from application in application-akka.actor.default-dispatcher-10 - Shutting down connection pool.
2016-12-05 07:45:51,269 [WARN] from application in application-akka.actor.default-dispatcher-10 - application.conf @ file:/C:/WebDev/git/PlayAuthenticate/target/scala-2.10/classes/application.conf: 31: user is deprecated, use username instead
2016-12-05 07:45:51,270 [INFO] from application in application-akka.actor.default-dispatcher-10 - Creating Pool for datasource 'default'
2016-12-05 07:45:51,279 [INFO] from play.api.db.DefaultDBApi in application-akka.actor.default-dispatcher-10 - Database [default] connected at jdbc:mysql://localhost/app?characterEncoding=UTF-8
2016-12-05 07:45:51,688 [ERROR] from application in application-akka.actor.default-dispatcher-10 - 
java.lang.RuntimeException: There is no HTTP Context available from here.
	at play.mvc.Http$Context.current(Http.java:57) ~[play_2.10-2.4.6.jar:2.4.6]
	at models.AuditLog.setLog(AuditLog.java:231) ~[classes/:2.4.6]
	at utils.ScheduleEmail.scheduleReminder(ScheduleEmail.java:72) ~[classes/:na]
	at Global.onStart(Global.java:12) [classes/:na]
	at play.core.j.JavaGlobalSettingsAdapter.onStart(JavaGlobalSettingsAdapter.scala:22) [play_2.10-2.4.6.jar:2.4.6]
	at play.api.GlobalPlugin.onStart(GlobalSettings.scala:271) [play_2.10-2.4.6.jar:2.4.6]
	at play.api.Play$$anonfun$start$1$$anonfun$apply$mcV$sp$1.apply(Play.scala:92) [play_2.10-2.4.6.jar:2.4.6]
	at play.api.Play$$anonfun$start$1$$anonfun$apply$mcV$sp$1.apply(Play.scala:92) [play_2.10-2.4.6.jar:2.4.6]
	at scala.collection.Iterator$class.foreach(Iterator.scala:727) [scala-library.jar:na]
	at scala.collection.AbstractIterator.foreach(Iterator.scala:1157) [scala-library.jar:na]
	at scala.collection.IterableLike$class.foreach(IterableLike.scala:72) [scala-library.jar:na]
	at play.api.Plugins.foreach(Plugins.scala:57) [play_2.10-2.4.6.jar:2.4.6]
	at play.api.Play$$anonfun$start$1.apply$mcV$sp(Play.scala:92) [play_2.10-2.4.6.jar:2.4.6]
	at play.api.Play$$anonfun$start$1.apply(Play.scala:87) [play_2.10-2.4.6.jar:2.4.6]
	at play.api.Play$$anonfun$start$1.apply(Play.scala:87) [play_2.10-2.4.6.jar:2.4.6]
	at play.utils.Threads$.withContextClassLoader(Threads.scala:21) [play_2.10-2.4.6.jar:2.4.6]
	at play.api.Play$.start(Play.scala:87) [play_2.10-2.4.6.jar:2.4.6]
	at play.core.server.DevServerStart$$anonfun$mainDev$1$$anon$1$$anonfun$get$1$$anonfun$apply$1$$anonfun$1.apply(DevServerStart.scala:156) [play-server_2.10-2.4.6.jar:2.4.6]
	at play.core.server.DevServerStart$$anonfun$mainDev$1$$anon$1$$anonfun$get$1$$anonfun$apply$1$$anonfun$1.apply(DevServerStart.scala:121) [play-server_2.10-2.4.6.jar:2.4.6]
	at scala.Option.map(Option.scala:145) [scala-library.jar:na]
	at play.core.server.DevServerStart$$anonfun$mainDev$1$$anon$1$$anonfun$get$1$$anonfun$apply$1.apply(DevServerStart.scala:121) [play-server_2.10-2.4.6.jar:2.4.6]
	at play.core.server.DevServerStart$$anonfun$mainDev$1$$anon$1$$anonfun$get$1$$anonfun$apply$1.apply(DevServerStart.scala:119) [play-server_2.10-2.4.6.jar:2.4.6]
	at scala.util.Success.flatMap(Try.scala:200) [scala-library.jar:na]
	at play.core.server.DevServerStart$$anonfun$mainDev$1$$anon$1$$anonfun$get$1.apply(DevServerStart.scala:119) [play-server_2.10-2.4.6.jar:2.4.6]
	at play.core.server.DevServerStart$$anonfun$mainDev$1$$anon$1$$anonfun$get$1.apply(DevServerStart.scala:111) [play-server_2.10-2.4.6.jar:2.4.6]
	at scala.concurrent.impl.Future$PromiseCompletingRunnable.liftedTree1$1(Future.scala:24) [scala-library.jar:na]
	at scala.concurrent.impl.Future$PromiseCompletingRunnable.run(Future.scala:24) [scala-library.jar:na]
	at akka.dispatch.TaskInvocation.run(AbstractDispatcher.scala:40) [akka-actor_2.10-2.3.13.jar:na]
	at akka.dispatch.ForkJoinExecutorConfigurator$AkkaForkJoinTask.exec(AbstractDispatcher.scala:397) [akka-actor_2.10-2.3.13.jar:na]
	at scala.concurrent.forkjoin.ForkJoinTask.doExec(ForkJoinTask.java:260) [scala-library.jar:na]
	at scala.concurrent.forkjoin.ForkJoinPool$WorkQueue.runTask(ForkJoinPool.java:1339) [scala-library.jar:na]
	at scala.concurrent.forkjoin.ForkJoinPool.runWorker(ForkJoinPool.java:1979) [scala-library.jar:na]
	at scala.concurrent.forkjoin.ForkJoinWorkerThread.run(ForkJoinWorkerThread.java:107) [scala-library.jar:na]
2016-12-05 07:45:51,701 [INFO] from play.api.Play in application-akka.actor.default-dispatcher-10 - Application started (Dev)
2016-12-05 07:47:34,066 [INFO] from application in application-akka.actor.default-dispatcher-18 - Shutting down connection pool.
2016-12-05 07:47:34,186 [WARN] from application in application-akka.actor.default-dispatcher-18 - application.conf @ file:/C:/WebDev/git/PlayAuthenticate/target/scala-2.10/classes/application.conf: 31: user is deprecated, use username instead
2016-12-05 07:47:34,188 [INFO] from application in application-akka.actor.default-dispatcher-18 - Creating Pool for datasource 'default'
2016-12-05 07:47:34,203 [INFO] from play.api.db.DefaultDBApi in application-akka.actor.default-dispatcher-18 - Database [default] connected at jdbc:mysql://localhost/app?characterEncoding=UTF-8
2016-12-05 07:47:34,498 [ERROR] from application in application-akka.actor.default-dispatcher-18 - 
java.lang.RuntimeException: There is no HTTP Context available from here.
	at play.mvc.Http$Context.current(Http.java:57) ~[play_2.10-2.4.6.jar:2.4.6]
	at models.AuditLog.setLog(AuditLog.java:231) ~[classes/:2.4.6]
	at utils.ScheduleEmail.scheduleReminder(ScheduleEmail.java:72) ~[classes/:na]
	at Global.onStart(Global.java:12) [classes/:na]
	at play.core.j.JavaGlobalSettingsAdapter.onStart(JavaGlobalSettingsAdapter.scala:22) [play_2.10-2.4.6.jar:2.4.6]
	at play.api.GlobalPlugin.onStart(GlobalSettings.scala:271) [play_2.10-2.4.6.jar:2.4.6]
	at play.api.Play$$anonfun$start$1$$anonfun$apply$mcV$sp$1.apply(Play.scala:92) [play_2.10-2.4.6.jar:2.4.6]
	at play.api.Play$$anonfun$start$1$$anonfun$apply$mcV$sp$1.apply(Play.scala:92) [play_2.10-2.4.6.jar:2.4.6]
	at scala.collection.Iterator$class.foreach(Iterator.scala:727) [scala-library.jar:na]
	at scala.collection.AbstractIterator.foreach(Iterator.scala:1157) [scala-library.jar:na]
	at scala.collection.IterableLike$class.foreach(IterableLike.scala:72) [scala-library.jar:na]
	at play.api.Plugins.foreach(Plugins.scala:57) [play_2.10-2.4.6.jar:2.4.6]
	at play.api.Play$$anonfun$start$1.apply$mcV$sp(Play.scala:92) [play_2.10-2.4.6.jar:2.4.6]
	at play.api.Play$$anonfun$start$1.apply(Play.scala:87) [play_2.10-2.4.6.jar:2.4.6]
	at play.api.Play$$anonfun$start$1.apply(Play.scala:87) [play_2.10-2.4.6.jar:2.4.6]
	at play.utils.Threads$.withContextClassLoader(Threads.scala:21) [play_2.10-2.4.6.jar:2.4.6]
	at play.api.Play$.start(Play.scala:87) [play_2.10-2.4.6.jar:2.4.6]
	at play.core.server.DevServerStart$$anonfun$mainDev$1$$anon$1$$anonfun$get$1$$anonfun$apply$1$$anonfun$1.apply(DevServerStart.scala:156) [play-server_2.10-2.4.6.jar:2.4.6]
	at play.core.server.DevServerStart$$anonfun$mainDev$1$$anon$1$$anonfun$get$1$$anonfun$apply$1$$anonfun$1.apply(DevServerStart.scala:121) [play-server_2.10-2.4.6.jar:2.4.6]
	at scala.Option.map(Option.scala:145) [scala-library.jar:na]
	at play.core.server.DevServerStart$$anonfun$mainDev$1$$anon$1$$anonfun$get$1$$anonfun$apply$1.apply(DevServerStart.scala:121) [play-server_2.10-2.4.6.jar:2.4.6]
	at play.core.server.DevServerStart$$anonfun$mainDev$1$$anon$1$$anonfun$get$1$$anonfun$apply$1.apply(DevServerStart.scala:119) [play-server_2.10-2.4.6.jar:2.4.6]
	at scala.util.Success.flatMap(Try.scala:200) [scala-library.jar:na]
	at play.core.server.DevServerStart$$anonfun$mainDev$1$$anon$1$$anonfun$get$1.apply(DevServerStart.scala:119) [play-server_2.10-2.4.6.jar:2.4.6]
	at play.core.server.DevServerStart$$anonfun$mainDev$1$$anon$1$$anonfun$get$1.apply(DevServerStart.scala:111) [play-server_2.10-2.4.6.jar:2.4.6]
	at scala.concurrent.impl.Future$PromiseCompletingRunnable.liftedTree1$1(Future.scala:24) [scala-library.jar:na]
	at scala.concurrent.impl.Future$PromiseCompletingRunnable.run(Future.scala:24) [scala-library.jar:na]
	at akka.dispatch.TaskInvocation.run(AbstractDispatcher.scala:40) [akka-actor_2.10-2.3.13.jar:na]
	at akka.dispatch.ForkJoinExecutorConfigurator$AkkaForkJoinTask.exec(AbstractDispatcher.scala:397) [akka-actor_2.10-2.3.13.jar:na]
	at scala.concurrent.forkjoin.ForkJoinTask.doExec(ForkJoinTask.java:260) [scala-library.jar:na]
	at scala.concurrent.forkjoin.ForkJoinPool$WorkQueue.runTask(ForkJoinPool.java:1339) [scala-library.jar:na]
	at scala.concurrent.forkjoin.ForkJoinPool.runWorker(ForkJoinPool.java:1979) [scala-library.jar:na]
	at scala.concurrent.forkjoin.ForkJoinWorkerThread.run(ForkJoinWorkerThread.java:107) [scala-library.jar:na]
2016-12-05 07:47:34,499 [INFO] from play.api.Play in application-akka.actor.default-dispatcher-18 - Application started (Dev)
2016-12-05 07:51:07,424 [INFO] from application in application-akka.actor.default-dispatcher-17 - Shutting down connection pool.
2016-12-05 07:51:07,525 [WARN] from application in application-akka.actor.default-dispatcher-17 - application.conf @ file:/C:/WebDev/git/PlayAuthenticate/target/scala-2.10/classes/application.conf: 31: user is deprecated, use username instead
2016-12-05 07:51:07,526 [INFO] from application in application-akka.actor.default-dispatcher-17 - Creating Pool for datasource 'default'
2016-12-05 07:51:07,535 [INFO] from play.api.db.DefaultDBApi in application-akka.actor.default-dispatcher-17 - Database [default] connected at jdbc:mysql://localhost/app?characterEncoding=UTF-8
2016-12-05 07:51:07,808 [ERROR] from application in application-akka.actor.default-dispatcher-17 - 
java.lang.RuntimeException: There is no HTTP Context available from here.
	at play.mvc.Http$Context.current(Http.java:57) ~[play_2.10-2.4.6.jar:2.4.6]
	at models.AuditLog.setLog(AuditLog.java:231) ~[classes/:2.4.6]
	at utils.ScheduleEmail.scheduleReminder(ScheduleEmail.java:72) ~[classes/:na]
	at Global.onStart(Global.java:12) [classes/:na]
	at play.core.j.JavaGlobalSettingsAdapter.onStart(JavaGlobalSettingsAdapter.scala:22) [play_2.10-2.4.6.jar:2.4.6]
	at play.api.GlobalPlugin.onStart(GlobalSettings.scala:271) [play_2.10-2.4.6.jar:2.4.6]
	at play.api.Play$$anonfun$start$1$$anonfun$apply$mcV$sp$1.apply(Play.scala:92) [play_2.10-2.4.6.jar:2.4.6]
	at play.api.Play$$anonfun$start$1$$anonfun$apply$mcV$sp$1.apply(Play.scala:92) [play_2.10-2.4.6.jar:2.4.6]
	at scala.collection.Iterator$class.foreach(Iterator.scala:727) [scala-library.jar:na]
	at scala.collection.AbstractIterator.foreach(Iterator.scala:1157) [scala-library.jar:na]
	at scala.collection.IterableLike$class.foreach(IterableLike.scala:72) [scala-library.jar:na]
	at play.api.Plugins.foreach(Plugins.scala:57) [play_2.10-2.4.6.jar:2.4.6]
	at play.api.Play$$anonfun$start$1.apply$mcV$sp(Play.scala:92) [play_2.10-2.4.6.jar:2.4.6]
	at play.api.Play$$anonfun$start$1.apply(Play.scala:87) [play_2.10-2.4.6.jar:2.4.6]
	at play.api.Play$$anonfun$start$1.apply(Play.scala:87) [play_2.10-2.4.6.jar:2.4.6]
	at play.utils.Threads$.withContextClassLoader(Threads.scala:21) [play_2.10-2.4.6.jar:2.4.6]
	at play.api.Play$.start(Play.scala:87) [play_2.10-2.4.6.jar:2.4.6]
	at play.core.server.DevServerStart$$anonfun$mainDev$1$$anon$1$$anonfun$get$1$$anonfun$apply$1$$anonfun$1.apply(DevServerStart.scala:156) [play-server_2.10-2.4.6.jar:2.4.6]
	at play.core.server.DevServerStart$$anonfun$mainDev$1$$anon$1$$anonfun$get$1$$anonfun$apply$1$$anonfun$1.apply(DevServerStart.scala:121) [play-server_2.10-2.4.6.jar:2.4.6]
	at scala.Option.map(Option.scala:145) [scala-library.jar:na]
	at play.core.server.DevServerStart$$anonfun$mainDev$1$$anon$1$$anonfun$get$1$$anonfun$apply$1.apply(DevServerStart.scala:121) [play-server_2.10-2.4.6.jar:2.4.6]
	at play.core.server.DevServerStart$$anonfun$mainDev$1$$anon$1$$anonfun$get$1$$anonfun$apply$1.apply(DevServerStart.scala:119) [play-server_2.10-2.4.6.jar:2.4.6]
	at scala.util.Success.flatMap(Try.scala:200) [scala-library.jar:na]
	at play.core.server.DevServerStart$$anonfun$mainDev$1$$anon$1$$anonfun$get$1.apply(DevServerStart.scala:119) [play-server_2.10-2.4.6.jar:2.4.6]
	at play.core.server.DevServerStart$$anonfun$mainDev$1$$anon$1$$anonfun$get$1.apply(DevServerStart.scala:111) [play-server_2.10-2.4.6.jar:2.4.6]
	at scala.concurrent.impl.Future$PromiseCompletingRunnable.liftedTree1$1(Future.scala:24) [scala-library.jar:na]
	at scala.concurrent.impl.Future$PromiseCompletingRunnable.run(Future.scala:24) [scala-library.jar:na]
	at akka.dispatch.TaskInvocation.run(AbstractDispatcher.scala:40) [akka-actor_2.10-2.3.13.jar:na]
	at akka.dispatch.ForkJoinExecutorConfigurator$AkkaForkJoinTask.exec(AbstractDispatcher.scala:397) [akka-actor_2.10-2.3.13.jar:na]
	at scala.concurrent.forkjoin.ForkJoinTask.doExec(ForkJoinTask.java:260) [scala-library.jar:na]
	at scala.concurrent.forkjoin.ForkJoinPool$WorkQueue.runTask(ForkJoinPool.java:1339) [scala-library.jar:na]
	at scala.concurrent.forkjoin.ForkJoinPool.runWorker(ForkJoinPool.java:1979) [scala-library.jar:na]
	at scala.concurrent.forkjoin.ForkJoinWorkerThread.run(ForkJoinWorkerThread.java:107) [scala-library.jar:na]
2016-12-05 07:51:07,809 [INFO] from play.api.Play in application-akka.actor.default-dispatcher-17 - Application started (Dev)
2016-12-05 07:54:00,601 [INFO] from application in application-akka.actor.default-dispatcher-7 - Shutting down connection pool.
2016-12-05 07:54:00,719 [WARN] from application in application-akka.actor.default-dispatcher-7 - application.conf @ file:/C:/WebDev/git/PlayAuthenticate/target/scala-2.10/classes/application.conf: 31: user is deprecated, use username instead
2016-12-05 07:54:00,719 [INFO] from application in application-akka.actor.default-dispatcher-7 - Creating Pool for datasource 'default'
2016-12-05 07:54:00,731 [INFO] from play.api.db.DefaultDBApi in application-akka.actor.default-dispatcher-7 - Database [default] connected at jdbc:mysql://localhost/app?characterEncoding=UTF-8
2016-12-05 07:54:01,025 [ERROR] from application in application-akka.actor.default-dispatcher-7 - 
java.lang.RuntimeException: There is no HTTP Context available from here.
	at play.mvc.Http$Context.current(Http.java:57) ~[play_2.10-2.4.6.jar:2.4.6]
	at models.AuditLog.setLog(AuditLog.java:231) ~[classes/:2.4.6]
	at utils.ScheduleEmail.scheduleReminder(ScheduleEmail.java:72) ~[classes/:na]
	at Global.onStart(Global.java:12) [classes/:na]
	at play.core.j.JavaGlobalSettingsAdapter.onStart(JavaGlobalSettingsAdapter.scala:22) [play_2.10-2.4.6.jar:2.4.6]
	at play.api.GlobalPlugin.onStart(GlobalSettings.scala:271) [play_2.10-2.4.6.jar:2.4.6]
	at play.api.Play$$anonfun$start$1$$anonfun$apply$mcV$sp$1.apply(Play.scala:92) [play_2.10-2.4.6.jar:2.4.6]
	at play.api.Play$$anonfun$start$1$$anonfun$apply$mcV$sp$1.apply(Play.scala:92) [play_2.10-2.4.6.jar:2.4.6]
	at scala.collection.Iterator$class.foreach(Iterator.scala:727) [scala-library.jar:na]
	at scala.collection.AbstractIterator.foreach(Iterator.scala:1157) [scala-library.jar:na]
	at scala.collection.IterableLike$class.foreach(IterableLike.scala:72) [scala-library.jar:na]
	at play.api.Plugins.foreach(Plugins.scala:57) [play_2.10-2.4.6.jar:2.4.6]
	at play.api.Play$$anonfun$start$1.apply$mcV$sp(Play.scala:92) [play_2.10-2.4.6.jar:2.4.6]
	at play.api.Play$$anonfun$start$1.apply(Play.scala:87) [play_2.10-2.4.6.jar:2.4.6]
	at play.api.Play$$anonfun$start$1.apply(Play.scala:87) [play_2.10-2.4.6.jar:2.4.6]
	at play.utils.Threads$.withContextClassLoader(Threads.scala:21) [play_2.10-2.4.6.jar:2.4.6]
	at play.api.Play$.start(Play.scala:87) [play_2.10-2.4.6.jar:2.4.6]
	at play.core.server.DevServerStart$$anonfun$mainDev$1$$anon$1$$anonfun$get$1$$anonfun$apply$1$$anonfun$1.apply(DevServerStart.scala:156) [play-server_2.10-2.4.6.jar:2.4.6]
	at play.core.server.DevServerStart$$anonfun$mainDev$1$$anon$1$$anonfun$get$1$$anonfun$apply$1$$anonfun$1.apply(DevServerStart.scala:121) [play-server_2.10-2.4.6.jar:2.4.6]
	at scala.Option.map(Option.scala:145) [scala-library.jar:na]
	at play.core.server.DevServerStart$$anonfun$mainDev$1$$anon$1$$anonfun$get$1$$anonfun$apply$1.apply(DevServerStart.scala:121) [play-server_2.10-2.4.6.jar:2.4.6]
	at play.core.server.DevServerStart$$anonfun$mainDev$1$$anon$1$$anonfun$get$1$$anonfun$apply$1.apply(DevServerStart.scala:119) [play-server_2.10-2.4.6.jar:2.4.6]
	at scala.util.Success.flatMap(Try.scala:200) [scala-library.jar:na]
	at play.core.server.DevServerStart$$anonfun$mainDev$1$$anon$1$$anonfun$get$1.apply(DevServerStart.scala:119) [play-server_2.10-2.4.6.jar:2.4.6]
	at play.core.server.DevServerStart$$anonfun$mainDev$1$$anon$1$$anonfun$get$1.apply(DevServerStart.scala:111) [play-server_2.10-2.4.6.jar:2.4.6]
	at scala.concurrent.impl.Future$PromiseCompletingRunnable.liftedTree1$1(Future.scala:24) [scala-library.jar:na]
	at scala.concurrent.impl.Future$PromiseCompletingRunnable.run(Future.scala:24) [scala-library.jar:na]
	at akka.dispatch.TaskInvocation.run(AbstractDispatcher.scala:40) [akka-actor_2.10-2.3.13.jar:na]
	at akka.dispatch.ForkJoinExecutorConfigurator$AkkaForkJoinTask.exec(AbstractDispatcher.scala:397) [akka-actor_2.10-2.3.13.jar:na]
	at scala.concurrent.forkjoin.ForkJoinTask.doExec(ForkJoinTask.java:260) [scala-library.jar:na]
	at scala.concurrent.forkjoin.ForkJoinPool$WorkQueue.runTask(ForkJoinPool.java:1339) [scala-library.jar:na]
	at scala.concurrent.forkjoin.ForkJoinPool.runWorker(ForkJoinPool.java:1979) [scala-library.jar:na]
	at scala.concurrent.forkjoin.ForkJoinWorkerThread.run(ForkJoinWorkerThread.java:107) [scala-library.jar:na]
2016-12-05 07:54:01,028 [INFO] from play.api.Play in application-akka.actor.default-dispatcher-7 - Application started (Dev)
2016-12-05 07:58:14,747 [INFO] from application in application-akka.actor.default-dispatcher-13 - Shutting down connection pool.
2016-12-05 07:58:14,829 [WARN] from application in application-akka.actor.default-dispatcher-13 - application.conf @ file:/C:/WebDev/git/PlayAuthenticate/target/scala-2.10/classes/application.conf: 31: user is deprecated, use username instead
2016-12-05 07:58:14,830 [INFO] from application in application-akka.actor.default-dispatcher-13 - Creating Pool for datasource 'default'
2016-12-05 07:58:14,840 [INFO] from play.api.db.DefaultDBApi in application-akka.actor.default-dispatcher-13 - Database [default] connected at jdbc:mysql://localhost/app?characterEncoding=UTF-8
2016-12-05 07:58:15,087 [ERROR] from application in application-akka.actor.default-dispatcher-13 - 
java.lang.RuntimeException: There is no HTTP Context available from here.
	at play.mvc.Http$Context.current(Http.java:57) ~[play_2.10-2.4.6.jar:2.4.6]
	at models.AuditLog.setLog(AuditLog.java:231) ~[classes/:2.4.6]
	at utils.ScheduleEmail.scheduleReminder(ScheduleEmail.java:72) ~[classes/:na]
	at Global.onStart(Global.java:12) [classes/:na]
	at play.core.j.JavaGlobalSettingsAdapter.onStart(JavaGlobalSettingsAdapter.scala:22) [play_2.10-2.4.6.jar:2.4.6]
	at play.api.GlobalPlugin.onStart(GlobalSettings.scala:271) [play_2.10-2.4.6.jar:2.4.6]
	at play.api.Play$$anonfun$start$1$$anonfun$apply$mcV$sp$1.apply(Play.scala:92) [play_2.10-2.4.6.jar:2.4.6]
	at play.api.Play$$anonfun$start$1$$anonfun$apply$mcV$sp$1.apply(Play.scala:92) [play_2.10-2.4.6.jar:2.4.6]
	at scala.collection.Iterator$class.foreach(Iterator.scala:727) [scala-library.jar:na]
	at scala.collection.AbstractIterator.foreach(Iterator.scala:1157) [scala-library.jar:na]
	at scala.collection.IterableLike$class.foreach(IterableLike.scala:72) [scala-library.jar:na]
	at play.api.Plugins.foreach(Plugins.scala:57) [play_2.10-2.4.6.jar:2.4.6]
	at play.api.Play$$anonfun$start$1.apply$mcV$sp(Play.scala:92) [play_2.10-2.4.6.jar:2.4.6]
	at play.api.Play$$anonfun$start$1.apply(Play.scala:87) [play_2.10-2.4.6.jar:2.4.6]
	at play.api.Play$$anonfun$start$1.apply(Play.scala:87) [play_2.10-2.4.6.jar:2.4.6]
	at play.utils.Threads$.withContextClassLoader(Threads.scala:21) [play_2.10-2.4.6.jar:2.4.6]
	at play.api.Play$.start(Play.scala:87) [play_2.10-2.4.6.jar:2.4.6]
	at play.core.server.DevServerStart$$anonfun$mainDev$1$$anon$1$$anonfun$get$1$$anonfun$apply$1$$anonfun$1.apply(DevServerStart.scala:156) [play-server_2.10-2.4.6.jar:2.4.6]
	at play.core.server.DevServerStart$$anonfun$mainDev$1$$anon$1$$anonfun$get$1$$anonfun$apply$1$$anonfun$1.apply(DevServerStart.scala:121) [play-server_2.10-2.4.6.jar:2.4.6]
	at scala.Option.map(Option.scala:145) [scala-library.jar:na]
	at play.core.server.DevServerStart$$anonfun$mainDev$1$$anon$1$$anonfun$get$1$$anonfun$apply$1.apply(DevServerStart.scala:121) [play-server_2.10-2.4.6.jar:2.4.6]
	at play.core.server.DevServerStart$$anonfun$mainDev$1$$anon$1$$anonfun$get$1$$anonfun$apply$1.apply(DevServerStart.scala:119) [play-server_2.10-2.4.6.jar:2.4.6]
	at scala.util.Success.flatMap(Try.scala:200) [scala-library.jar:na]
	at play.core.server.DevServerStart$$anonfun$mainDev$1$$anon$1$$anonfun$get$1.apply(DevServerStart.scala:119) [play-server_2.10-2.4.6.jar:2.4.6]
	at play.core.server.DevServerStart$$anonfun$mainDev$1$$anon$1$$anonfun$get$1.apply(DevServerStart.scala:111) [play-server_2.10-2.4.6.jar:2.4.6]
	at scala.concurrent.impl.Future$PromiseCompletingRunnable.liftedTree1$1(Future.scala:24) [scala-library.jar:na]
	at scala.concurrent.impl.Future$PromiseCompletingRunnable.run(Future.scala:24) [scala-library.jar:na]
	at akka.dispatch.TaskInvocation.run(AbstractDispatcher.scala:40) [akka-actor_2.10-2.3.13.jar:na]
	at akka.dispatch.ForkJoinExecutorConfigurator$AkkaForkJoinTask.exec(AbstractDispatcher.scala:397) [akka-actor_2.10-2.3.13.jar:na]
	at scala.concurrent.forkjoin.ForkJoinTask.doExec(ForkJoinTask.java:260) [scala-library.jar:na]
	at scala.concurrent.forkjoin.ForkJoinPool$WorkQueue.runTask(ForkJoinPool.java:1339) [scala-library.jar:na]
	at scala.concurrent.forkjoin.ForkJoinPool.runWorker(ForkJoinPool.java:1979) [scala-library.jar:na]
	at scala.concurrent.forkjoin.ForkJoinWorkerThread.run(ForkJoinWorkerThread.java:107) [scala-library.jar:na]
2016-12-05 07:58:15,088 [INFO] from play.api.Play in application-akka.actor.default-dispatcher-13 - Application started (Dev)
2016-12-05 08:01:30,894 [INFO] from application in application-akka.actor.default-dispatcher-15 - Shutting down connection pool.
2016-12-05 08:01:30,994 [WARN] from application in application-akka.actor.default-dispatcher-15 - application.conf @ file:/C:/WebDev/git/PlayAuthenticate/target/scala-2.10/classes/application.conf: 31: user is deprecated, use username instead
2016-12-05 08:01:30,994 [INFO] from application in application-akka.actor.default-dispatcher-15 - Creating Pool for datasource 'default'
2016-12-05 08:01:31,003 [INFO] from play.api.db.DefaultDBApi in application-akka.actor.default-dispatcher-15 - Database [default] connected at jdbc:mysql://localhost/app?characterEncoding=UTF-8
2016-12-05 08:01:31,317 [ERROR] from application in application-akka.actor.default-dispatcher-15 - 
java.lang.RuntimeException: There is no HTTP Context available from here.
	at play.mvc.Http$Context.current(Http.java:57) ~[play_2.10-2.4.6.jar:2.4.6]
	at models.AuditLog.setLog(AuditLog.java:231) ~[classes/:2.4.6]
	at utils.ScheduleEmail.scheduleReminder(ScheduleEmail.java:72) ~[classes/:na]
	at Global.onStart(Global.java:12) [classes/:na]
	at play.core.j.JavaGlobalSettingsAdapter.onStart(JavaGlobalSettingsAdapter.scala:22) [play_2.10-2.4.6.jar:2.4.6]
	at play.api.GlobalPlugin.onStart(GlobalSettings.scala:271) [play_2.10-2.4.6.jar:2.4.6]
	at play.api.Play$$anonfun$start$1$$anonfun$apply$mcV$sp$1.apply(Play.scala:92) [play_2.10-2.4.6.jar:2.4.6]
	at play.api.Play$$anonfun$start$1$$anonfun$apply$mcV$sp$1.apply(Play.scala:92) [play_2.10-2.4.6.jar:2.4.6]
	at scala.collection.Iterator$class.foreach(Iterator.scala:727) [scala-library.jar:na]
	at scala.collection.AbstractIterator.foreach(Iterator.scala:1157) [scala-library.jar:na]
	at scala.collection.IterableLike$class.foreach(IterableLike.scala:72) [scala-library.jar:na]
	at play.api.Plugins.foreach(Plugins.scala:57) [play_2.10-2.4.6.jar:2.4.6]
	at play.api.Play$$anonfun$start$1.apply$mcV$sp(Play.scala:92) [play_2.10-2.4.6.jar:2.4.6]
	at play.api.Play$$anonfun$start$1.apply(Play.scala:87) [play_2.10-2.4.6.jar:2.4.6]
	at play.api.Play$$anonfun$start$1.apply(Play.scala:87) [play_2.10-2.4.6.jar:2.4.6]
	at play.utils.Threads$.withContextClassLoader(Threads.scala:21) [play_2.10-2.4.6.jar:2.4.6]
	at play.api.Play$.start(Play.scala:87) [play_2.10-2.4.6.jar:2.4.6]
	at play.core.server.DevServerStart$$anonfun$mainDev$1$$anon$1$$anonfun$get$1$$anonfun$apply$1$$anonfun$1.apply(DevServerStart.scala:156) [play-server_2.10-2.4.6.jar:2.4.6]
	at play.core.server.DevServerStart$$anonfun$mainDev$1$$anon$1$$anonfun$get$1$$anonfun$apply$1$$anonfun$1.apply(DevServerStart.scala:121) [play-server_2.10-2.4.6.jar:2.4.6]
	at scala.Option.map(Option.scala:145) [scala-library.jar:na]
	at play.core.server.DevServerStart$$anonfun$mainDev$1$$anon$1$$anonfun$get$1$$anonfun$apply$1.apply(DevServerStart.scala:121) [play-server_2.10-2.4.6.jar:2.4.6]
	at play.core.server.DevServerStart$$anonfun$mainDev$1$$anon$1$$anonfun$get$1$$anonfun$apply$1.apply(DevServerStart.scala:119) [play-server_2.10-2.4.6.jar:2.4.6]
	at scala.util.Success.flatMap(Try.scala:200) [scala-library.jar:na]
	at play.core.server.DevServerStart$$anonfun$mainDev$1$$anon$1$$anonfun$get$1.apply(DevServerStart.scala:119) [play-server_2.10-2.4.6.jar:2.4.6]
	at play.core.server.DevServerStart$$anonfun$mainDev$1$$anon$1$$anonfun$get$1.apply(DevServerStart.scala:111) [play-server_2.10-2.4.6.jar:2.4.6]
	at scala.concurrent.impl.Future$PromiseCompletingRunnable.liftedTree1$1(Future.scala:24) [scala-library.jar:na]
	at scala.concurrent.impl.Future$PromiseCompletingRunnable.run(Future.scala:24) [scala-library.jar:na]
	at akka.dispatch.TaskInvocation.run(AbstractDispatcher.scala:40) [akka-actor_2.10-2.3.13.jar:na]
	at akka.dispatch.ForkJoinExecutorConfigurator$AkkaForkJoinTask.exec(AbstractDispatcher.scala:397) [akka-actor_2.10-2.3.13.jar:na]
	at scala.concurrent.forkjoin.ForkJoinTask.doExec(ForkJoinTask.java:260) [scala-library.jar:na]
	at scala.concurrent.forkjoin.ForkJoinPool$WorkQueue.runTask(ForkJoinPool.java:1339) [scala-library.jar:na]
	at scala.concurrent.forkjoin.ForkJoinPool.runWorker(ForkJoinPool.java:1979) [scala-library.jar:na]
	at scala.concurrent.forkjoin.ForkJoinWorkerThread.run(ForkJoinWorkerThread.java:107) [scala-library.jar:na]
2016-12-05 08:01:31,321 [INFO] from play.api.Play in application-akka.actor.default-dispatcher-15 - Application started (Dev)
2016-12-05 08:04:38,112 [INFO] from application in application-akka.actor.default-dispatcher-2 - Shutting down connection pool.
2016-12-05 08:04:38,197 [WARN] from application in application-akka.actor.default-dispatcher-2 - application.conf @ file:/C:/WebDev/git/PlayAuthenticate/target/scala-2.10/classes/application.conf: 31: user is deprecated, use username instead
2016-12-05 08:04:38,198 [INFO] from application in application-akka.actor.default-dispatcher-2 - Creating Pool for datasource 'default'
2016-12-05 08:04:38,205 [INFO] from play.api.db.DefaultDBApi in application-akka.actor.default-dispatcher-2 - Database [default] connected at jdbc:mysql://localhost/app?characterEncoding=UTF-8
2016-12-05 08:04:38,417 [ERROR] from application in application-akka.actor.default-dispatcher-2 - 
java.lang.RuntimeException: There is no HTTP Context available from here.
	at play.mvc.Http$Context.current(Http.java:57) ~[play_2.10-2.4.6.jar:2.4.6]
	at models.AuditLog.setLog(AuditLog.java:231) ~[classes/:2.4.6]
	at utils.ScheduleEmail.scheduleReminder(ScheduleEmail.java:72) ~[classes/:na]
	at Global.onStart(Global.java:12) [classes/:na]
	at play.core.j.JavaGlobalSettingsAdapter.onStart(JavaGlobalSettingsAdapter.scala:22) [play_2.10-2.4.6.jar:2.4.6]
	at play.api.GlobalPlugin.onStart(GlobalSettings.scala:271) [play_2.10-2.4.6.jar:2.4.6]
	at play.api.Play$$anonfun$start$1$$anonfun$apply$mcV$sp$1.apply(Play.scala:92) [play_2.10-2.4.6.jar:2.4.6]
	at play.api.Play$$anonfun$start$1$$anonfun$apply$mcV$sp$1.apply(Play.scala:92) [play_2.10-2.4.6.jar:2.4.6]
	at scala.collection.Iterator$class.foreach(Iterator.scala:727) [scala-library.jar:na]
	at scala.collection.AbstractIterator.foreach(Iterator.scala:1157) [scala-library.jar:na]
	at scala.collection.IterableLike$class.foreach(IterableLike.scala:72) [scala-library.jar:na]
	at play.api.Plugins.foreach(Plugins.scala:57) [play_2.10-2.4.6.jar:2.4.6]
	at play.api.Play$$anonfun$start$1.apply$mcV$sp(Play.scala:92) [play_2.10-2.4.6.jar:2.4.6]
	at play.api.Play$$anonfun$start$1.apply(Play.scala:87) [play_2.10-2.4.6.jar:2.4.6]
	at play.api.Play$$anonfun$start$1.apply(Play.scala:87) [play_2.10-2.4.6.jar:2.4.6]
	at play.utils.Threads$.withContextClassLoader(Threads.scala:21) [play_2.10-2.4.6.jar:2.4.6]
	at play.api.Play$.start(Play.scala:87) [play_2.10-2.4.6.jar:2.4.6]
	at play.core.server.DevServerStart$$anonfun$mainDev$1$$anon$1$$anonfun$get$1$$anonfun$apply$1$$anonfun$1.apply(DevServerStart.scala:156) [play-server_2.10-2.4.6.jar:2.4.6]
	at play.core.server.DevServerStart$$anonfun$mainDev$1$$anon$1$$anonfun$get$1$$anonfun$apply$1$$anonfun$1.apply(DevServerStart.scala:121) [play-server_2.10-2.4.6.jar:2.4.6]
	at scala.Option.map(Option.scala:145) [scala-library.jar:na]
	at play.core.server.DevServerStart$$anonfun$mainDev$1$$anon$1$$anonfun$get$1$$anonfun$apply$1.apply(DevServerStart.scala:121) [play-server_2.10-2.4.6.jar:2.4.6]
	at play.core.server.DevServerStart$$anonfun$mainDev$1$$anon$1$$anonfun$get$1$$anonfun$apply$1.apply(DevServerStart.scala:119) [play-server_2.10-2.4.6.jar:2.4.6]
	at scala.util.Success.flatMap(Try.scala:200) [scala-library.jar:na]
	at play.core.server.DevServerStart$$anonfun$mainDev$1$$anon$1$$anonfun$get$1.apply(DevServerStart.scala:119) [play-server_2.10-2.4.6.jar:2.4.6]
	at play.core.server.DevServerStart$$anonfun$mainDev$1$$anon$1$$anonfun$get$1.apply(DevServerStart.scala:111) [play-server_2.10-2.4.6.jar:2.4.6]
	at scala.concurrent.impl.Future$PromiseCompletingRunnable.liftedTree1$1(Future.scala:24) [scala-library.jar:na]
	at scala.concurrent.impl.Future$PromiseCompletingRunnable.run(Future.scala:24) [scala-library.jar:na]
	at akka.dispatch.TaskInvocation.run(AbstractDispatcher.scala:40) [akka-actor_2.10-2.3.13.jar:na]
	at akka.dispatch.ForkJoinExecutorConfigurator$AkkaForkJoinTask.exec(AbstractDispatcher.scala:397) [akka-actor_2.10-2.3.13.jar:na]
	at scala.concurrent.forkjoin.ForkJoinTask.doExec(ForkJoinTask.java:260) [scala-library.jar:na]
	at scala.concurrent.forkjoin.ForkJoinPool$WorkQueue.runTask(ForkJoinPool.java:1339) [scala-library.jar:na]
	at scala.concurrent.forkjoin.ForkJoinPool.runWorker(ForkJoinPool.java:1979) [scala-library.jar:na]
	at scala.concurrent.forkjoin.ForkJoinWorkerThread.run(ForkJoinWorkerThread.java:107) [scala-library.jar:na]
2016-12-05 08:04:38,417 [INFO] from play.api.Play in application-akka.actor.default-dispatcher-2 - Application started (Dev)
2016-12-05 08:06:20,362 [INFO] from application in application-akka.actor.default-dispatcher-7 - Shutting down connection pool.
2016-12-05 08:06:20,441 [WARN] from application in application-akka.actor.default-dispatcher-7 - application.conf @ file:/C:/WebDev/git/PlayAuthenticate/target/scala-2.10/classes/application.conf: 31: user is deprecated, use username instead
2016-12-05 08:06:20,444 [INFO] from application in application-akka.actor.default-dispatcher-7 - Creating Pool for datasource 'default'
2016-12-05 08:06:20,456 [INFO] from play.api.db.DefaultDBApi in application-akka.actor.default-dispatcher-7 - Database [default] connected at jdbc:mysql://localhost/app?characterEncoding=UTF-8
2016-12-05 08:06:20,703 [ERROR] from application in application-akka.actor.default-dispatcher-7 - 
java.lang.RuntimeException: There is no HTTP Context available from here.
	at play.mvc.Http$Context.current(Http.java:57) ~[play_2.10-2.4.6.jar:2.4.6]
	at models.AuditLog.setLog(AuditLog.java:231) ~[classes/:2.4.6]
	at utils.ScheduleEmail.scheduleReminder(ScheduleEmail.java:72) ~[classes/:na]
	at Global.onStart(Global.java:12) [classes/:na]
	at play.core.j.JavaGlobalSettingsAdapter.onStart(JavaGlobalSettingsAdapter.scala:22) [play_2.10-2.4.6.jar:2.4.6]
	at play.api.GlobalPlugin.onStart(GlobalSettings.scala:271) [play_2.10-2.4.6.jar:2.4.6]
	at play.api.Play$$anonfun$start$1$$anonfun$apply$mcV$sp$1.apply(Play.scala:92) [play_2.10-2.4.6.jar:2.4.6]
	at play.api.Play$$anonfun$start$1$$anonfun$apply$mcV$sp$1.apply(Play.scala:92) [play_2.10-2.4.6.jar:2.4.6]
	at scala.collection.Iterator$class.foreach(Iterator.scala:727) [scala-library.jar:na]
	at scala.collection.AbstractIterator.foreach(Iterator.scala:1157) [scala-library.jar:na]
	at scala.collection.IterableLike$class.foreach(IterableLike.scala:72) [scala-library.jar:na]
	at play.api.Plugins.foreach(Plugins.scala:57) [play_2.10-2.4.6.jar:2.4.6]
	at play.api.Play$$anonfun$start$1.apply$mcV$sp(Play.scala:92) [play_2.10-2.4.6.jar:2.4.6]
	at play.api.Play$$anonfun$start$1.apply(Play.scala:87) [play_2.10-2.4.6.jar:2.4.6]
	at play.api.Play$$anonfun$start$1.apply(Play.scala:87) [play_2.10-2.4.6.jar:2.4.6]
	at play.utils.Threads$.withContextClassLoader(Threads.scala:21) [play_2.10-2.4.6.jar:2.4.6]
	at play.api.Play$.start(Play.scala:87) [play_2.10-2.4.6.jar:2.4.6]
	at play.core.server.DevServerStart$$anonfun$mainDev$1$$anon$1$$anonfun$get$1$$anonfun$apply$1$$anonfun$1.apply(DevServerStart.scala:156) [play-server_2.10-2.4.6.jar:2.4.6]
	at play.core.server.DevServerStart$$anonfun$mainDev$1$$anon$1$$anonfun$get$1$$anonfun$apply$1$$anonfun$1.apply(DevServerStart.scala:121) [play-server_2.10-2.4.6.jar:2.4.6]
	at scala.Option.map(Option.scala:145) [scala-library.jar:na]
	at play.core.server.DevServerStart$$anonfun$mainDev$1$$anon$1$$anonfun$get$1$$anonfun$apply$1.apply(DevServerStart.scala:121) [play-server_2.10-2.4.6.jar:2.4.6]
	at play.core.server.DevServerStart$$anonfun$mainDev$1$$anon$1$$anonfun$get$1$$anonfun$apply$1.apply(DevServerStart.scala:119) [play-server_2.10-2.4.6.jar:2.4.6]
	at scala.util.Success.flatMap(Try.scala:200) [scala-library.jar:na]
	at play.core.server.DevServerStart$$anonfun$mainDev$1$$anon$1$$anonfun$get$1.apply(DevServerStart.scala:119) [play-server_2.10-2.4.6.jar:2.4.6]
	at play.core.server.DevServerStart$$anonfun$mainDev$1$$anon$1$$anonfun$get$1.apply(DevServerStart.scala:111) [play-server_2.10-2.4.6.jar:2.4.6]
	at scala.concurrent.impl.Future$PromiseCompletingRunnable.liftedTree1$1(Future.scala:24) [scala-library.jar:na]
	at scala.concurrent.impl.Future$PromiseCompletingRunnable.run(Future.scala:24) [scala-library.jar:na]
	at akka.dispatch.TaskInvocation.run(AbstractDispatcher.scala:40) [akka-actor_2.10-2.3.13.jar:na]
	at akka.dispatch.ForkJoinExecutorConfigurator$AkkaForkJoinTask.exec(AbstractDispatcher.scala:397) [akka-actor_2.10-2.3.13.jar:na]
	at scala.concurrent.forkjoin.ForkJoinTask.doExec(ForkJoinTask.java:260) [scala-library.jar:na]
	at scala.concurrent.forkjoin.ForkJoinPool$WorkQueue.runTask(ForkJoinPool.java:1339) [scala-library.jar:na]
	at scala.concurrent.forkjoin.ForkJoinPool.runWorker(ForkJoinPool.java:1979) [scala-library.jar:na]
	at scala.concurrent.forkjoin.ForkJoinWorkerThread.run(ForkJoinWorkerThread.java:107) [scala-library.jar:na]
2016-12-05 08:06:20,705 [INFO] from play.api.Play in application-akka.actor.default-dispatcher-7 - Application started (Dev)
2016-12-05 08:09:55,342 [INFO] from application in application-akka.actor.default-dispatcher-6 - Shutting down connection pool.
2016-12-05 08:09:55,468 [WARN] from application in application-akka.actor.default-dispatcher-6 - application.conf @ file:/C:/WebDev/git/PlayAuthenticate/target/scala-2.10/classes/application.conf: 31: user is deprecated, use username instead
2016-12-05 08:09:55,469 [INFO] from application in application-akka.actor.default-dispatcher-6 - Creating Pool for datasource 'default'
2016-12-05 08:09:55,478 [INFO] from play.api.db.DefaultDBApi in application-akka.actor.default-dispatcher-6 - Database [default] connected at jdbc:mysql://localhost/app?characterEncoding=UTF-8
2016-12-05 08:09:55,704 [ERROR] from application in application-akka.actor.default-dispatcher-6 - 
java.lang.RuntimeException: There is no HTTP Context available from here.
	at play.mvc.Http$Context.current(Http.java:57) ~[play_2.10-2.4.6.jar:2.4.6]
	at models.AuditLog.setLog(AuditLog.java:231) ~[classes/:2.4.6]
	at utils.ScheduleEmail.scheduleReminder(ScheduleEmail.java:72) ~[classes/:na]
	at Global.onStart(Global.java:12) [classes/:na]
	at play.core.j.JavaGlobalSettingsAdapter.onStart(JavaGlobalSettingsAdapter.scala:22) [play_2.10-2.4.6.jar:2.4.6]
	at play.api.GlobalPlugin.onStart(GlobalSettings.scala:271) [play_2.10-2.4.6.jar:2.4.6]
	at play.api.Play$$anonfun$start$1$$anonfun$apply$mcV$sp$1.apply(Play.scala:92) [play_2.10-2.4.6.jar:2.4.6]
	at play.api.Play$$anonfun$start$1$$anonfun$apply$mcV$sp$1.apply(Play.scala:92) [play_2.10-2.4.6.jar:2.4.6]
	at scala.collection.Iterator$class.foreach(Iterator.scala:727) [scala-library.jar:na]
	at scala.collection.AbstractIterator.foreach(Iterator.scala:1157) [scala-library.jar:na]
	at scala.collection.IterableLike$class.foreach(IterableLike.scala:72) [scala-library.jar:na]
	at play.api.Plugins.foreach(Plugins.scala:57) [play_2.10-2.4.6.jar:2.4.6]
	at play.api.Play$$anonfun$start$1.apply$mcV$sp(Play.scala:92) [play_2.10-2.4.6.jar:2.4.6]
	at play.api.Play$$anonfun$start$1.apply(Play.scala:87) [play_2.10-2.4.6.jar:2.4.6]
	at play.api.Play$$anonfun$start$1.apply(Play.scala:87) [play_2.10-2.4.6.jar:2.4.6]
	at play.utils.Threads$.withContextClassLoader(Threads.scala:21) [play_2.10-2.4.6.jar:2.4.6]
	at play.api.Play$.start(Play.scala:87) [play_2.10-2.4.6.jar:2.4.6]
	at play.core.server.DevServerStart$$anonfun$mainDev$1$$anon$1$$anonfun$get$1$$anonfun$apply$1$$anonfun$1.apply(DevServerStart.scala:156) [play-server_2.10-2.4.6.jar:2.4.6]
	at play.core.server.DevServerStart$$anonfun$mainDev$1$$anon$1$$anonfun$get$1$$anonfun$apply$1$$anonfun$1.apply(DevServerStart.scala:121) [play-server_2.10-2.4.6.jar:2.4.6]
	at scala.Option.map(Option.scala:145) [scala-library.jar:na]
	at play.core.server.DevServerStart$$anonfun$mainDev$1$$anon$1$$anonfun$get$1$$anonfun$apply$1.apply(DevServerStart.scala:121) [play-server_2.10-2.4.6.jar:2.4.6]
	at play.core.server.DevServerStart$$anonfun$mainDev$1$$anon$1$$anonfun$get$1$$anonfun$apply$1.apply(DevServerStart.scala:119) [play-server_2.10-2.4.6.jar:2.4.6]
	at scala.util.Success.flatMap(Try.scala:200) [scala-library.jar:na]
	at play.core.server.DevServerStart$$anonfun$mainDev$1$$anon$1$$anonfun$get$1.apply(DevServerStart.scala:119) [play-server_2.10-2.4.6.jar:2.4.6]
	at play.core.server.DevServerStart$$anonfun$mainDev$1$$anon$1$$anonfun$get$1.apply(DevServerStart.scala:111) [play-server_2.10-2.4.6.jar:2.4.6]
	at scala.concurrent.impl.Future$PromiseCompletingRunnable.liftedTree1$1(Future.scala:24) [scala-library.jar:na]
	at scala.concurrent.impl.Future$PromiseCompletingRunnable.run(Future.scala:24) [scala-library.jar:na]
	at akka.dispatch.TaskInvocation.run(AbstractDispatcher.scala:40) [akka-actor_2.10-2.3.13.jar:na]
	at akka.dispatch.ForkJoinExecutorConfigurator$AkkaForkJoinTask.exec(AbstractDispatcher.scala:397) [akka-actor_2.10-2.3.13.jar:na]
	at scala.concurrent.forkjoin.ForkJoinTask.doExec(ForkJoinTask.java:260) [scala-library.jar:na]
	at scala.concurrent.forkjoin.ForkJoinPool$WorkQueue.runTask(ForkJoinPool.java:1339) [scala-library.jar:na]
	at scala.concurrent.forkjoin.ForkJoinPool.runWorker(ForkJoinPool.java:1979) [scala-library.jar:na]
	at scala.concurrent.forkjoin.ForkJoinWorkerThread.run(ForkJoinWorkerThread.java:107) [scala-library.jar:na]
2016-12-05 08:09:55,705 [INFO] from play.api.Play in application-akka.actor.default-dispatcher-6 - Application started (Dev)
2016-12-05 08:11:41,130 [INFO] from application in application-akka.actor.default-dispatcher-8 - Shutting down connection pool.
2016-12-05 08:11:41,198 [WARN] from application in application-akka.actor.default-dispatcher-8 - application.conf @ file:/C:/WebDev/git/PlayAuthenticate/target/scala-2.10/classes/application.conf: 31: user is deprecated, use username instead
2016-12-05 08:11:41,199 [INFO] from application in application-akka.actor.default-dispatcher-8 - Creating Pool for datasource 'default'
2016-12-05 08:11:41,207 [INFO] from play.api.db.DefaultDBApi in application-akka.actor.default-dispatcher-8 - Database [default] connected at jdbc:mysql://localhost/app?characterEncoding=UTF-8
2016-12-05 08:11:41,456 [ERROR] from application in application-akka.actor.default-dispatcher-8 - 
java.lang.RuntimeException: There is no HTTP Context available from here.
	at play.mvc.Http$Context.current(Http.java:57) ~[play_2.10-2.4.6.jar:2.4.6]
	at models.AuditLog.setLog(AuditLog.java:231) ~[classes/:2.4.6]
	at utils.ScheduleEmail.scheduleReminder(ScheduleEmail.java:72) ~[classes/:na]
	at Global.onStart(Global.java:12) [classes/:na]
	at play.core.j.JavaGlobalSettingsAdapter.onStart(JavaGlobalSettingsAdapter.scala:22) [play_2.10-2.4.6.jar:2.4.6]
	at play.api.GlobalPlugin.onStart(GlobalSettings.scala:271) [play_2.10-2.4.6.jar:2.4.6]
	at play.api.Play$$anonfun$start$1$$anonfun$apply$mcV$sp$1.apply(Play.scala:92) [play_2.10-2.4.6.jar:2.4.6]
	at play.api.Play$$anonfun$start$1$$anonfun$apply$mcV$sp$1.apply(Play.scala:92) [play_2.10-2.4.6.jar:2.4.6]
	at scala.collection.Iterator$class.foreach(Iterator.scala:727) [scala-library.jar:na]
	at scala.collection.AbstractIterator.foreach(Iterator.scala:1157) [scala-library.jar:na]
	at scala.collection.IterableLike$class.foreach(IterableLike.scala:72) [scala-library.jar:na]
	at play.api.Plugins.foreach(Plugins.scala:57) [play_2.10-2.4.6.jar:2.4.6]
	at play.api.Play$$anonfun$start$1.apply$mcV$sp(Play.scala:92) [play_2.10-2.4.6.jar:2.4.6]
	at play.api.Play$$anonfun$start$1.apply(Play.scala:87) [play_2.10-2.4.6.jar:2.4.6]
	at play.api.Play$$anonfun$start$1.apply(Play.scala:87) [play_2.10-2.4.6.jar:2.4.6]
	at play.utils.Threads$.withContextClassLoader(Threads.scala:21) [play_2.10-2.4.6.jar:2.4.6]
	at play.api.Play$.start(Play.scala:87) [play_2.10-2.4.6.jar:2.4.6]
	at play.core.server.DevServerStart$$anonfun$mainDev$1$$anon$1$$anonfun$get$1$$anonfun$apply$1$$anonfun$1.apply(DevServerStart.scala:156) [play-server_2.10-2.4.6.jar:2.4.6]
	at play.core.server.DevServerStart$$anonfun$mainDev$1$$anon$1$$anonfun$get$1$$anonfun$apply$1$$anonfun$1.apply(DevServerStart.scala:121) [play-server_2.10-2.4.6.jar:2.4.6]
	at scala.Option.map(Option.scala:145) [scala-library.jar:na]
	at play.core.server.DevServerStart$$anonfun$mainDev$1$$anon$1$$anonfun$get$1$$anonfun$apply$1.apply(DevServerStart.scala:121) [play-server_2.10-2.4.6.jar:2.4.6]
	at play.core.server.DevServerStart$$anonfun$mainDev$1$$anon$1$$anonfun$get$1$$anonfun$apply$1.apply(DevServerStart.scala:119) [play-server_2.10-2.4.6.jar:2.4.6]
	at scala.util.Success.flatMap(Try.scala:200) [scala-library.jar:na]
	at play.core.server.DevServerStart$$anonfun$mainDev$1$$anon$1$$anonfun$get$1.apply(DevServerStart.scala:119) [play-server_2.10-2.4.6.jar:2.4.6]
	at play.core.server.DevServerStart$$anonfun$mainDev$1$$anon$1$$anonfun$get$1.apply(DevServerStart.scala:111) [play-server_2.10-2.4.6.jar:2.4.6]
	at scala.concurrent.impl.Future$PromiseCompletingRunnable.liftedTree1$1(Future.scala:24) [scala-library.jar:na]
	at scala.concurrent.impl.Future$PromiseCompletingRunnable.run(Future.scala:24) [scala-library.jar:na]
	at akka.dispatch.TaskInvocation.run(AbstractDispatcher.scala:40) [akka-actor_2.10-2.3.13.jar:na]
	at akka.dispatch.ForkJoinExecutorConfigurator$AkkaForkJoinTask.exec(AbstractDispatcher.scala:397) [akka-actor_2.10-2.3.13.jar:na]
	at scala.concurrent.forkjoin.ForkJoinTask.doExec(ForkJoinTask.java:260) [scala-library.jar:na]
	at scala.concurrent.forkjoin.ForkJoinPool$WorkQueue.runTask(ForkJoinPool.java:1339) [scala-library.jar:na]
	at scala.concurrent.forkjoin.ForkJoinPool.runWorker(ForkJoinPool.java:1979) [scala-library.jar:na]
	at scala.concurrent.forkjoin.ForkJoinWorkerThread.run(ForkJoinWorkerThread.java:107) [scala-library.jar:na]
2016-12-05 08:11:41,461 [INFO] from play.api.Play in application-akka.actor.default-dispatcher-8 - Application started (Dev)
